2024-07-23 12:08:06.806  INFO 3292 --- [main] com.beyond.board.BoardApplication        : Starting BoardApplication using Java 11.0.22 on DESKTOP-2NA2JSQ with PID 3292 (C:\Users\Playtdata\Desktop\Yeji\spring\board\out\production\classes started by Playtdata in C:\Users\Playtdata\Desktop\Yeji\spring\board)
2024-07-23 12:08:06.809  INFO 3292 --- [main] com.beyond.board.BoardApplication        : No active profile set, falling back to 1 default profile: "default"
2024-07-23 12:08:07.607  INFO 3292 --- [main] .s.d.r.c.RepositoryConfigurationDelegate : Bootstrapping Spring Data JPA repositories in DEFAULT mode.
2024-07-23 12:08:07.666  INFO 3292 --- [main] .s.d.r.c.RepositoryConfigurationDelegate : Finished Spring Data repository scanning in 46 ms. Found 2 JPA repository interfaces.
2024-07-23 12:08:08.423  INFO 3292 --- [main] o.s.b.w.embedded.tomcat.TomcatWebServer  : Tomcat initialized with port(s): 8080 (http)
2024-07-23 12:08:08.433  INFO 3292 --- [main] o.apache.catalina.core.StandardService   : Starting service [Tomcat]
2024-07-23 12:08:08.433  INFO 3292 --- [main] org.apache.catalina.core.StandardEngine  : Starting Servlet engine: [Apache Tomcat/9.0.74]
2024-07-23 12:08:08.558  INFO 3292 --- [main] o.a.c.c.C.[Tomcat].[localhost].[/]       : Initializing Spring embedded WebApplicationContext
2024-07-23 12:08:08.558  INFO 3292 --- [main] w.s.c.ServletWebServerApplicationContext : Root WebApplicationContext: initialization completed in 1666 ms
2024-07-23 12:08:08.663  INFO 3292 --- [main] com.zaxxer.hikari.HikariDataSource       : HikariPool-1 - Starting...
2024-07-23 12:08:08.743  INFO 3292 --- [main] com.zaxxer.hikari.HikariDataSource       : HikariPool-1 - Start completed.
2024-07-23 12:08:08.924  INFO 3292 --- [main] o.hibernate.jpa.internal.util.LogHelper  : HHH000204: Processing PersistenceUnitInfo [name: default]
2024-07-23 12:08:08.963  INFO 3292 --- [main] org.hibernate.Version                    : HHH000412: Hibernate ORM core version 5.6.15.Final
2024-07-23 12:08:09.103  INFO 3292 --- [main] o.hibernate.annotations.common.Version   : HCANN000001: Hibernate Commons Annotations {5.1.2.Final}
2024-07-23 12:08:09.194  INFO 3292 --- [main] org.hibernate.dialect.Dialect            : HHH000400: Using dialect: org.hibernate.dialect.MariaDBDialect
2024-07-23 12:08:09.853  INFO 3292 --- [main] o.h.e.t.j.p.i.JtaPlatformInitiator       : HHH000490: Using JtaPlatform implementation: [org.hibernate.engine.transaction.jta.platform.internal.NoJtaPlatform]
2024-07-23 12:08:09.869  INFO 3292 --- [main] j.LocalContainerEntityManagerFactoryBean : Initialized JPA EntityManagerFactory for persistence unit 'default'
2024-07-23 12:08:10.455  WARN 3292 --- [main] JpaBaseConfiguration$JpaWebConfiguration : spring.jpa.open-in-view is enabled by default. Therefore, database queries may be performed during view rendering. Explicitly configure spring.jpa.open-in-view to disable this warning
2024-07-23 12:08:10.745  WARN 3292 --- [main] o.s.b.a.batch.JpaBatchConfigurer         : JPA does not support custom isolation levels, so locks may not be taken when launching Jobs. To silence this warning, set 'spring.batch.jdbc.isolation-level-for-create' to 'default'.
2024-07-23 12:08:10.749  INFO 3292 --- [main] o.s.b.c.r.s.JobRepositoryFactoryBean     : No database type set, using meta data indicating: MYSQL
2024-07-23 12:08:10.771  INFO 3292 --- [main] o.s.b.c.l.support.SimpleJobLauncher      : No TaskExecutor has been set, defaulting to synchronous executor.
2024-07-23 12:08:10.860  INFO 3292 --- [main] o.s.b.w.embedded.tomcat.TomcatWebServer  : Tomcat started on port(s): 8080 (http) with context path ''
2024-07-23 12:08:10.873  INFO 3292 --- [main] com.beyond.board.BoardApplication        : Started BoardApplication in 4.617 seconds (JVM running for 5.079)
2024-07-23 12:08:10.876  INFO 3292 --- [main] o.s.b.a.b.JobLauncherApplicationRunner   : Running default command line with: []
2024-07-23 12:08:11.066  INFO 3292 --- [http-nio-8080-exec-1] o.a.c.c.C.[Tomcat].[localhost].[/]       : Initializing Spring DispatcherServlet 'dispatcherServlet'
2024-07-23 12:08:11.068  INFO 3292 --- [http-nio-8080-exec-1] o.s.web.servlet.DispatcherServlet        : Initializing Servlet 'dispatcherServlet'
2024-07-23 12:08:11.069  INFO 3292 --- [http-nio-8080-exec-1] o.s.web.servlet.DispatcherServlet        : Completed initialization in 1 ms
2024-07-23 12:08:11.114  INFO 3292 --- [http-nio-8080-exec-1] com.beyond.board.common.LogController    : slf4j를 통한 info 로그
2024-07-23 12:08:11.114 ERROR 3292 --- [http-nio-8080-exec-1] com.beyond.board.common.LogController    : slf4j를 통한 error 로그
2024-07-23 12:29:47.749  INFO 3292 --- [SpringApplicationShutdownHook] j.LocalContainerEntityManagerFactoryBean : Closing JPA EntityManagerFactory for persistence unit 'default'
2024-07-23 12:29:47.749  INFO 3292 --- [SpringApplicationShutdownHook] com.zaxxer.hikari.HikariDataSource       : HikariPool-1 - Shutdown initiated...
2024-07-23 12:29:47.762  INFO 3292 --- [SpringApplicationShutdownHook] com.zaxxer.hikari.HikariDataSource       : HikariPool-1 - Shutdown completed.
2024-07-23 12:32 com.beyond.board.BoardApplication-Starting BoardApplication using Java 11.0.22 on DESKTOP-2NA2JSQ with PID 17708 (C:\Users\Playtdata\Desktop\Yeji\spring\board\out\production\classes started by Playtdata in C:\Users\Playtdata\Desktop\Yeji\spring\board)
2024-07-23 12:32 com.beyond.board.BoardApplication-No active profile set, falling back to 1 default profile: "default"
2024-07-23 12:32 o.s.d.r.c.RepositoryConfigurationDelegate-Bootstrapping Spring Data JPA repositories in DEFAULT mode.
2024-07-23 12:32 o.s.d.r.c.RepositoryConfigurationDelegate-Finished Spring Data repository scanning in 72 ms. Found 2 JPA repository interfaces.
2024-07-23 12:32 o.s.b.w.e.tomcat.TomcatWebServer-Tomcat initialized with port(s): 8080 (http)
2024-07-23 12:32 o.a.coyote.http11.Http11NioProtocol-Initializing ProtocolHandler ["http-nio-8080"]
2024-07-23 12:32 o.a.catalina.core.StandardService-Starting service [Tomcat]
2024-07-23 12:32 o.a.catalina.core.StandardEngine-Starting Servlet engine: [Apache Tomcat/9.0.74]
2024-07-23 12:32 o.a.c.c.C.[Tomcat].[localhost].[/]-Initializing Spring embedded WebApplicationContext
2024-07-23 12:32 o.s.b.w.s.c.ServletWebServerApplicationContext-Root WebApplicationContext: initialization completed in 1630 ms
2024-07-23 12:32 com.zaxxer.hikari.HikariDataSource-HikariPool-1 - Starting...
2024-07-23 12:32 com.zaxxer.hikari.HikariDataSource-HikariPool-1 - Start completed.
2024-07-23 12:32 o.h.jpa.internal.util.LogHelper-HHH000204: Processing PersistenceUnitInfo [name: default]
2024-07-23 12:32 org.hibernate.Version-HHH000412: Hibernate ORM core version 5.6.15.Final
2024-07-23 12:32 o.h.annotations.common.Version-HCANN000001: Hibernate Commons Annotations {5.1.2.Final}
2024-07-23 12:32 org.hibernate.dialect.Dialect-HHH000400: Using dialect: org.hibernate.dialect.MariaDBDialect
2024-07-23 12:32 o.h.e.t.j.p.i.JtaPlatformInitiator-HHH000490: Using JtaPlatform implementation: [org.hibernate.engine.transaction.jta.platform.internal.NoJtaPlatform]
2024-07-23 12:32 o.s.o.j.LocalContainerEntityManagerFactoryBean-Initialized JPA EntityManagerFactory for persistence unit 'default'
2024-07-23 12:32 o.s.b.a.o.j.JpaBaseConfiguration$JpaWebConfiguration-spring.jpa.open-in-view is enabled by default. Therefore, database queries may be performed during view rendering. Explicitly configure spring.jpa.open-in-view to disable this warning
2024-07-23 12:32 o.s.b.a.batch.JpaBatchConfigurer-JPA does not support custom isolation levels, so locks may not be taken when launching Jobs. To silence this warning, set 'spring.batch.jdbc.isolation-level-for-create' to 'default'.
2024-07-23 12:32 o.s.b.c.r.s.JobRepositoryFactoryBean-No database type set, using meta data indicating: MYSQL
2024-07-23 12:32 o.s.b.c.l.support.SimpleJobLauncher-No TaskExecutor has been set, defaulting to synchronous executor.
2024-07-23 12:32 o.a.coyote.http11.Http11NioProtocol-Starting ProtocolHandler ["http-nio-8080"]
2024-07-23 12:32 o.s.b.w.e.tomcat.TomcatWebServer-Tomcat started on port(s): 8080 (http) with context path ''
2024-07-23 12:32 com.beyond.board.BoardApplication-Started BoardApplication in 4.6 seconds (JVM running for 5.091)
2024-07-23 12:32 o.s.b.a.b.JobLauncherApplicationRunner-Running default command line with: []
2024-07-23 12:34 o.a.c.c.C.[Tomcat].[localhost].[/]-Initializing Spring DispatcherServlet 'dispatcherServlet'
2024-07-23 12:34 o.s.web.servlet.DispatcherServlet-Initializing Servlet 'dispatcherServlet'
2024-07-23 12:34 o.s.web.servlet.DispatcherServlet-Completed initialization in 1 ms
2024-07-23 12:34 c.beyond.board.common.LogController-slf4j를 통한 info 로그
2024-07-23 12:34 c.beyond.board.common.LogController-slf4j를 통한 error 로그
2024-07-23 12:38 o.a.c.c.C.[.[.[.[dispatcherServlet]-Servlet.service() for servlet [dispatcherServlet] in context with path [] threw exception [Request processing failed; nested exception is javax.persistence.EntityNotFoundException: 없는 회원 입니다.] with root cause
javax.persistence.EntityNotFoundException: 없는 회원 입니다.
	at com.beyond.board.author.service.AuthorService.lambda$authorDetail$0(AuthorService.java:82)
	at java.base/java.util.Optional.orElseThrow(Optional.java:408)
	at com.beyond.board.author.service.AuthorService.authorDetail(AuthorService.java:82)
	at com.beyond.board.author.service.AuthorService$$FastClassBySpringCGLIB$$cc00b908.invoke(<generated>)
	at org.springframework.cglib.proxy.MethodProxy.invoke(MethodProxy.java:218)
	at org.springframework.aop.framework.CglibAopProxy$CglibMethodInvocation.invokeJoinpoint(CglibAopProxy.java:793)
	at org.springframework.aop.framework.ReflectiveMethodInvocation.proceed(ReflectiveMethodInvocation.java:163)
	at org.springframework.aop.framework.CglibAopProxy$CglibMethodInvocation.proceed(CglibAopProxy.java:763)
	at org.springframework.transaction.interceptor.TransactionInterceptor$1.proceedWithInvocation(TransactionInterceptor.java:123)
	at org.springframework.transaction.interceptor.TransactionAspectSupport.invokeWithinTransaction(TransactionAspectSupport.java:388)
	at org.springframework.transaction.interceptor.TransactionInterceptor.invoke(TransactionInterceptor.java:119)
	at org.springframework.aop.framework.ReflectiveMethodInvocation.proceed(ReflectiveMethodInvocation.java:186)
	at org.springframework.aop.framework.CglibAopProxy$CglibMethodInvocation.proceed(CglibAopProxy.java:763)
	at org.springframework.aop.framework.CglibAopProxy$DynamicAdvisedInterceptor.intercept(CglibAopProxy.java:708)
	at com.beyond.board.author.service.AuthorService$$EnhancerBySpringCGLIB$$6d9980db.authorDetail(<generated>)
	at com.beyond.board.author.controller.AuthorController.authorDetail(AuthorController.java:61)
	at java.base/jdk.internal.reflect.NativeMethodAccessorImpl.invoke0(Native Method)
	at java.base/jdk.internal.reflect.NativeMethodAccessorImpl.invoke(NativeMethodAccessorImpl.java:62)
	at java.base/jdk.internal.reflect.DelegatingMethodAccessorImpl.invoke(DelegatingMethodAccessorImpl.java:43)
	at java.base/java.lang.reflect.Method.invoke(Method.java:566)
	at org.springframework.web.method.support.InvocableHandlerMethod.doInvoke(InvocableHandlerMethod.java:205)
	at org.springframework.web.method.support.InvocableHandlerMethod.invokeForRequest(InvocableHandlerMethod.java:150)
	at org.springframework.web.servlet.mvc.method.annotation.ServletInvocableHandlerMethod.invokeAndHandle(ServletInvocableHandlerMethod.java:117)
	at org.springframework.web.servlet.mvc.method.annotation.RequestMappingHandlerAdapter.invokeHandlerMethod(RequestMappingHandlerAdapter.java:895)
	at org.springframework.web.servlet.mvc.method.annotation.RequestMappingHandlerAdapter.handleInternal(RequestMappingHandlerAdapter.java:808)
	at org.springframework.web.servlet.mvc.method.AbstractHandlerMethodAdapter.handle(AbstractHandlerMethodAdapter.java:87)
	at org.springframework.web.servlet.DispatcherServlet.doDispatch(DispatcherServlet.java:1072)
	at org.springframework.web.servlet.DispatcherServlet.doService(DispatcherServlet.java:965)
	at org.springframework.web.servlet.FrameworkServlet.processRequest(FrameworkServlet.java:1006)
	at org.springframework.web.servlet.FrameworkServlet.doGet(FrameworkServlet.java:898)
	at javax.servlet.http.HttpServlet.service(HttpServlet.java:529)
	at org.springframework.web.servlet.FrameworkServlet.service(FrameworkServlet.java:883)
	at javax.servlet.http.HttpServlet.service(HttpServlet.java:623)
	at org.apache.catalina.core.ApplicationFilterChain.internalDoFilter(ApplicationFilterChain.java:209)
	at org.apache.catalina.core.ApplicationFilterChain.doFilter(ApplicationFilterChain.java:153)
	at org.apache.tomcat.websocket.server.WsFilter.doFilter(WsFilter.java:51)
	at org.apache.catalina.core.ApplicationFilterChain.internalDoFilter(ApplicationFilterChain.java:178)
	at org.apache.catalina.core.ApplicationFilterChain.doFilter(ApplicationFilterChain.java:153)
	at org.springframework.web.filter.RequestContextFilter.doFilterInternal(RequestContextFilter.java:100)
	at org.springframework.web.filter.OncePerRequestFilter.doFilter(OncePerRequestFilter.java:117)
	at org.apache.catalina.core.ApplicationFilterChain.internalDoFilter(ApplicationFilterChain.java:178)
	at org.apache.catalina.core.ApplicationFilterChain.doFilter(ApplicationFilterChain.java:153)
	at org.springframework.web.filter.FormContentFilter.doFilterInternal(FormContentFilter.java:93)
	at org.springframework.web.filter.OncePerRequestFilter.doFilter(OncePerRequestFilter.java:117)
	at org.apache.catalina.core.ApplicationFilterChain.internalDoFilter(ApplicationFilterChain.java:178)
	at org.apache.catalina.core.ApplicationFilterChain.doFilter(ApplicationFilterChain.java:153)
	at org.springframework.web.filter.CharacterEncodingFilter.doFilterInternal(CharacterEncodingFilter.java:201)
	at org.springframework.web.filter.OncePerRequestFilter.doFilter(OncePerRequestFilter.java:117)
	at org.apache.catalina.core.ApplicationFilterChain.internalDoFilter(ApplicationFilterChain.java:178)
	at org.apache.catalina.core.ApplicationFilterChain.doFilter(ApplicationFilterChain.java:153)
	at org.apache.catalina.core.StandardWrapperValve.invoke(StandardWrapperValve.java:167)
	at org.apache.catalina.core.StandardContextValve.invoke(StandardContextValve.java:90)
	at org.apache.catalina.authenticator.AuthenticatorBase.invoke(AuthenticatorBase.java:481)
	at org.apache.catalina.core.StandardHostValve.invoke(StandardHostValve.java:130)
	at org.apache.catalina.valves.ErrorReportValve.invoke(ErrorReportValve.java:93)
	at org.apache.catalina.core.StandardEngineValve.invoke(StandardEngineValve.java:74)
	at org.apache.catalina.connector.CoyoteAdapter.service(CoyoteAdapter.java:343)
	at org.apache.coyote.http11.Http11Processor.service(Http11Processor.java:389)
	at org.apache.coyote.AbstractProcessorLight.process(AbstractProcessorLight.java:63)
	at org.apache.coyote.AbstractProtocol$ConnectionHandler.process(AbstractProtocol.java:926)
	at org.apache.tomcat.util.net.NioEndpoint$SocketProcessor.doRun(NioEndpoint.java:1791)
	at org.apache.tomcat.util.net.SocketProcessorBase.run(SocketProcessorBase.java:52)
	at org.apache.tomcat.util.threads.ThreadPoolExecutor.runWorker(ThreadPoolExecutor.java:1191)
	at org.apache.tomcat.util.threads.ThreadPoolExecutor$Worker.run(ThreadPoolExecutor.java:659)
	at org.apache.tomcat.util.threads.TaskThread$WrappingRunnable.run(TaskThread.java:61)
	at java.base/java.lang.Thread.run(Thread.java:834)
2024-07-23 12:49 o.s.o.j.LocalContainerEntityManagerFactoryBean-Closing JPA EntityManagerFactory for persistence unit 'default'
2024-07-23 12:49 com.zaxxer.hikari.HikariDataSource-HikariPool-1 - Shutdown initiated...
2024-07-23 12:49 com.zaxxer.hikari.HikariDataSource-HikariPool-1 - Shutdown completed.
2024-07-23 14:09 com.beyond.board.BoardApplication-Starting BoardApplication using Java 11.0.22 on DESKTOP-2NA2JSQ with PID 11480 (C:\Users\Playtdata\Desktop\Yeji\spring\board\out\production\classes started by Playtdata in C:\Users\Playtdata\Desktop\Yeji\spring\board)
2024-07-23 14:09 com.beyond.board.BoardApplication-The following 1 profile is active: "prod"
2024-07-23 14:09 o.s.d.r.c.RepositoryConfigurationDelegate-Bootstrapping Spring Data JPA repositories in DEFAULT mode.
2024-07-23 14:09 o.s.d.r.c.RepositoryConfigurationDelegate-Finished Spring Data repository scanning in 93 ms. Found 2 JPA repository interfaces.
2024-07-23 14:09 o.s.b.w.e.tomcat.TomcatWebServer-Tomcat initialized with port(s): 8081 (http)
2024-07-23 14:09 o.a.coyote.http11.Http11NioProtocol-Initializing ProtocolHandler ["http-nio-8081"]
2024-07-23 14:09 o.a.catalina.core.StandardService-Starting service [Tomcat]
2024-07-23 14:09 o.a.catalina.core.StandardEngine-Starting Servlet engine: [Apache Tomcat/9.0.74]
2024-07-23 14:09 o.a.c.c.C.[Tomcat].[localhost].[/]-Initializing Spring embedded WebApplicationContext
2024-07-23 14:09 o.s.b.w.s.c.ServletWebServerApplicationContext-Root WebApplicationContext: initialization completed in 2880 ms
2024-07-23 14:09 com.zaxxer.hikari.HikariDataSource-HikariPool-1 - Starting...
2024-07-23 14:09 com.zaxxer.hikari.HikariDataSource-HikariPool-1 - Start completed.
2024-07-23 14:09 o.h.jpa.internal.util.LogHelper-HHH000204: Processing PersistenceUnitInfo [name: default]
2024-07-23 14:09 org.hibernate.Version-HHH000412: Hibernate ORM core version 5.6.15.Final
2024-07-23 14:09 o.h.annotations.common.Version-HCANN000001: Hibernate Commons Annotations {5.1.2.Final}
2024-07-23 14:09 org.hibernate.dialect.Dialect-HHH000400: Using dialect: org.hibernate.dialect.MariaDBDialect
2024-07-23 14:09 o.h.e.t.j.p.i.JtaPlatformInitiator-HHH000490: Using JtaPlatform implementation: [org.hibernate.engine.transaction.jta.platform.internal.NoJtaPlatform]
2024-07-23 14:09 o.s.o.j.LocalContainerEntityManagerFactoryBean-Initialized JPA EntityManagerFactory for persistence unit 'default'
2024-07-23 14:09 o.s.b.a.o.j.JpaBaseConfiguration$JpaWebConfiguration-spring.jpa.open-in-view is enabled by default. Therefore, database queries may be performed during view rendering. Explicitly configure spring.jpa.open-in-view to disable this warning
2024-07-23 14:09 o.s.b.a.batch.JpaBatchConfigurer-JPA does not support custom isolation levels, so locks may not be taken when launching Jobs. To silence this warning, set 'spring.batch.jdbc.isolation-level-for-create' to 'default'.
2024-07-23 14:09 o.s.b.c.r.s.JobRepositoryFactoryBean-No database type set, using meta data indicating: MYSQL
2024-07-23 14:09 o.s.b.c.l.support.SimpleJobLauncher-No TaskExecutor has been set, defaulting to synchronous executor.
2024-07-23 14:09 o.a.coyote.http11.Http11NioProtocol-Starting ProtocolHandler ["http-nio-8081"]
2024-07-23 14:09 o.s.b.w.e.tomcat.TomcatWebServer-Tomcat started on port(s): 8081 (http) with context path ''
2024-07-23 14:09 com.beyond.board.BoardApplication-Started BoardApplication in 7.921 seconds (JVM running for 8.761)
2024-07-23 14:09 o.s.b.a.b.JobLauncherApplicationRunner-Running default command line with: []
2024-07-23 14:17 o.s.o.j.LocalContainerEntityManagerFactoryBean-Closing JPA EntityManagerFactory for persistence unit 'default'
2024-07-23 14:17 com.zaxxer.hikari.HikariDataSource-HikariPool-1 - Shutdown initiated...
2024-07-23 14:17 com.zaxxer.hikari.HikariDataSource-HikariPool-1 - Shutdown completed.
2024-07-23 14:17 com.beyond.board.BoardApplication-Starting BoardApplication using Java 11.0.22 on DESKTOP-2NA2JSQ with PID 11032 (C:\Users\Playtdata\Desktop\Yeji\spring\board\out\production\classes started by Playtdata in C:\Users\Playtdata\Desktop\Yeji\spring\board)
2024-07-23 14:17 com.beyond.board.BoardApplication-The following 1 profile is active: "dev"
2024-07-23 14:17 o.s.d.r.c.RepositoryConfigurationDelegate-Bootstrapping Spring Data JPA repositories in DEFAULT mode.
2024-07-23 14:17 o.s.d.r.c.RepositoryConfigurationDelegate-Finished Spring Data repository scanning in 149 ms. Found 2 JPA repository interfaces.
2024-07-23 14:17 o.s.b.w.e.tomcat.TomcatWebServer-Tomcat initialized with port(s): 8080 (http)
2024-07-23 14:17 o.a.coyote.http11.Http11NioProtocol-Initializing ProtocolHandler ["http-nio-8080"]
2024-07-23 14:17 o.a.catalina.core.StandardService-Starting service [Tomcat]
2024-07-23 14:17 o.a.catalina.core.StandardEngine-Starting Servlet engine: [Apache Tomcat/9.0.74]
2024-07-23 14:17 o.a.c.c.C.[Tomcat].[localhost].[/]-Initializing Spring embedded WebApplicationContext
2024-07-23 14:17 o.s.b.w.s.c.ServletWebServerApplicationContext-Root WebApplicationContext: initialization completed in 4231 ms
2024-07-23 14:17 com.zaxxer.hikari.HikariDataSource-HikariPool-1 - Starting...
2024-07-23 14:17 com.zaxxer.hikari.HikariDataSource-HikariPool-1 - Start completed.
2024-07-23 14:17 o.h.jpa.internal.util.LogHelper-HHH000204: Processing PersistenceUnitInfo [name: default]
2024-07-23 14:17 org.hibernate.Version-HHH000412: Hibernate ORM core version 5.6.15.Final
2024-07-23 14:17 o.h.annotations.common.Version-HCANN000001: Hibernate Commons Annotations {5.1.2.Final}
2024-07-23 14:17 org.hibernate.dialect.Dialect-HHH000400: Using dialect: org.hibernate.dialect.MariaDBDialect
2024-07-23 14:17 com.beyond.board.BoardApplication-Starting BoardApplication using Java 11.0.22 on DESKTOP-2NA2JSQ with PID 6744 (C:\Users\Playtdata\Desktop\Yeji\spring\board\out\production\classes started by Playtdata in C:\Users\Playtdata\Desktop\Yeji\spring\board)
2024-07-23 14:17 com.beyond.board.BoardApplication-The following 1 profile is active: "dev"
2024-07-23 14:17 o.h.e.t.j.p.i.JtaPlatformInitiator-HHH000490: Using JtaPlatform implementation: [org.hibernate.engine.transaction.jta.platform.internal.NoJtaPlatform]
2024-07-23 14:17 o.s.d.r.c.RepositoryConfigurationDelegate-Bootstrapping Spring Data JPA repositories in DEFAULT mode.
2024-07-23 14:17 o.s.o.j.LocalContainerEntityManagerFactoryBean-Initialized JPA EntityManagerFactory for persistence unit 'default'
2024-07-23 14:17 o.s.d.r.c.RepositoryConfigurationDelegate-Finished Spring Data repository scanning in 154 ms. Found 2 JPA repository interfaces.
2024-07-23 14:17 o.s.b.a.o.j.JpaBaseConfiguration$JpaWebConfiguration-spring.jpa.open-in-view is enabled by default. Therefore, database queries may be performed during view rendering. Explicitly configure spring.jpa.open-in-view to disable this warning
2024-07-23 14:17 o.s.b.a.batch.JpaBatchConfigurer-JPA does not support custom isolation levels, so locks may not be taken when launching Jobs. To silence this warning, set 'spring.batch.jdbc.isolation-level-for-create' to 'default'.
2024-07-23 14:17 o.s.b.c.r.s.JobRepositoryFactoryBean-No database type set, using meta data indicating: MYSQL
2024-07-23 14:17 o.s.b.c.l.support.SimpleJobLauncher-No TaskExecutor has been set, defaulting to synchronous executor.
2024-07-23 14:17 o.s.b.w.e.tomcat.TomcatWebServer-Tomcat initialized with port(s): 8080 (http)
2024-07-23 14:17 o.a.coyote.http11.Http11NioProtocol-Initializing ProtocolHandler ["http-nio-8080"]
2024-07-23 14:17 o.a.catalina.core.StandardService-Starting service [Tomcat]
2024-07-23 14:17 o.a.catalina.core.StandardEngine-Starting Servlet engine: [Apache Tomcat/9.0.74]
2024-07-23 14:17 o.a.coyote.http11.Http11NioProtocol-Starting ProtocolHandler ["http-nio-8080"]
2024-07-23 14:17 o.s.b.w.e.tomcat.TomcatWebServer-Tomcat started on port(s): 8080 (http) with context path ''
2024-07-23 14:17 com.beyond.board.BoardApplication-Started BoardApplication in 12.159 seconds (JVM running for 13.08)
2024-07-23 14:17 o.s.b.a.b.JobLauncherApplicationRunner-Running default command line with: []
2024-07-23 14:17 o.a.c.c.C.[Tomcat].[localhost].[/]-Initializing Spring embedded WebApplicationContext
2024-07-23 14:17 o.s.b.w.s.c.ServletWebServerApplicationContext-Root WebApplicationContext: initialization completed in 4770 ms
2024-07-23 14:17 com.zaxxer.hikari.HikariDataSource-HikariPool-1 - Starting...
2024-07-23 14:17 com.zaxxer.hikari.HikariDataSource-HikariPool-1 - Start completed.
2024-07-23 14:17 o.h.jpa.internal.util.LogHelper-HHH000204: Processing PersistenceUnitInfo [name: default]
2024-07-23 14:17 org.hibernate.Version-HHH000412: Hibernate ORM core version 5.6.15.Final
2024-07-23 14:17 o.h.annotations.common.Version-HCANN000001: Hibernate Commons Annotations {5.1.2.Final}
2024-07-23 14:17 org.hibernate.dialect.Dialect-HHH000400: Using dialect: org.hibernate.dialect.MariaDBDialect
2024-07-23 14:17 o.h.e.t.j.p.i.JtaPlatformInitiator-HHH000490: Using JtaPlatform implementation: [org.hibernate.engine.transaction.jta.platform.internal.NoJtaPlatform]
2024-07-23 14:17 o.s.o.j.LocalContainerEntityManagerFactoryBean-Initialized JPA EntityManagerFactory for persistence unit 'default'
2024-07-23 14:17 o.s.b.a.o.j.JpaBaseConfiguration$JpaWebConfiguration-spring.jpa.open-in-view is enabled by default. Therefore, database queries may be performed during view rendering. Explicitly configure spring.jpa.open-in-view to disable this warning
2024-07-23 14:17 o.s.b.a.batch.JpaBatchConfigurer-JPA does not support custom isolation levels, so locks may not be taken when launching Jobs. To silence this warning, set 'spring.batch.jdbc.isolation-level-for-create' to 'default'.
2024-07-23 14:17 o.s.b.c.r.s.JobRepositoryFactoryBean-No database type set, using meta data indicating: MYSQL
2024-07-23 14:17 o.s.b.c.l.support.SimpleJobLauncher-No TaskExecutor has been set, defaulting to synchronous executor.
2024-07-23 14:17 o.a.coyote.http11.Http11NioProtocol-Starting ProtocolHandler ["http-nio-8080"]
2024-07-23 14:17 o.s.b.w.s.c.AnnotationConfigServletWebServerApplicationContext-Exception encountered during context initialization - cancelling refresh attempt: org.springframework.context.ApplicationContextException: Failed to start bean 'webServerStartStop'; nested exception is org.springframework.boot.web.server.PortInUseException: Port 8080 is already in use
2024-07-23 14:17 o.s.o.j.LocalContainerEntityManagerFactoryBean-Closing JPA EntityManagerFactory for persistence unit 'default'
2024-07-23 14:17 com.zaxxer.hikari.HikariDataSource-HikariPool-1 - Shutdown initiated...
2024-07-23 14:17 com.zaxxer.hikari.HikariDataSource-HikariPool-1 - Shutdown completed.
2024-07-23 14:17 o.a.coyote.http11.Http11NioProtocol-Pausing ProtocolHandler ["http-nio-8080"]
2024-07-23 14:17 o.a.catalina.core.StandardService-Stopping service [Tomcat]
2024-07-23 14:17 o.a.coyote.http11.Http11NioProtocol-Stopping ProtocolHandler ["http-nio-8080"]
2024-07-23 14:17 o.a.coyote.http11.Http11NioProtocol-Destroying ProtocolHandler ["http-nio-8080"]
2024-07-23 14:17 o.s.b.a.l.ConditionEvaluationReportLoggingListener-

Error starting ApplicationContext. To display the conditions report re-run your application with 'debug' enabled.
2024-07-23 14:17 o.s.b.d.LoggingFailureAnalysisReporter-

***************************
APPLICATION FAILED TO START
***************************

Description:

Web server failed to start. Port 8080 was already in use.

Action:

Identify and stop the process that's listening on port 8080 or configure this application to listen on another port.

2024-07-23 14:43 o.s.o.j.LocalContainerEntityManagerFactoryBean-Closing JPA EntityManagerFactory for persistence unit 'default'
2024-07-23 14:43 com.zaxxer.hikari.HikariDataSource-HikariPool-1 - Shutdown initiated...
2024-07-23 14:43 com.zaxxer.hikari.HikariDataSource-HikariPool-1 - Shutdown completed.
2024-07-23 14:43 com.beyond.board.BoardApplication-Starting BoardApplication using Java 11.0.22 on DESKTOP-2NA2JSQ with PID 18300 (C:\Users\Playtdata\Desktop\Yeji\spring\board\out\production\classes started by Playtdata in C:\Users\Playtdata\Desktop\Yeji\spring\board)
2024-07-23 14:43 com.beyond.board.BoardApplication-The following 1 profile is active: "dev"
2024-07-23 14:43 o.s.d.r.c.RepositoryConfigurationDelegate-Bootstrapping Spring Data JPA repositories in DEFAULT mode.
2024-07-23 14:43 o.s.d.r.c.RepositoryConfigurationDelegate-Finished Spring Data repository scanning in 91 ms. Found 2 JPA repository interfaces.
2024-07-23 14:43 o.s.b.w.e.tomcat.TomcatWebServer-Tomcat initialized with port(s): 8080 (http)
2024-07-23 14:43 o.a.coyote.http11.Http11NioProtocol-Initializing ProtocolHandler ["http-nio-8080"]
2024-07-23 14:43 o.a.catalina.core.StandardService-Starting service [Tomcat]
2024-07-23 14:43 o.a.catalina.core.StandardEngine-Starting Servlet engine: [Apache Tomcat/9.0.74]
2024-07-23 14:43 o.a.c.c.C.[Tomcat].[localhost].[/]-Initializing Spring embedded WebApplicationContext
2024-07-23 14:43 o.s.b.w.s.c.ServletWebServerApplicationContext-Root WebApplicationContext: initialization completed in 2887 ms
2024-07-23 14:43 com.zaxxer.hikari.HikariDataSource-HikariPool-1 - Starting...
2024-07-23 14:43 com.zaxxer.hikari.HikariDataSource-HikariPool-1 - Start completed.
2024-07-23 14:43 o.h.jpa.internal.util.LogHelper-HHH000204: Processing PersistenceUnitInfo [name: default]
2024-07-23 14:43 org.hibernate.Version-HHH000412: Hibernate ORM core version 5.6.15.Final
2024-07-23 14:43 o.h.annotations.common.Version-HCANN000001: Hibernate Commons Annotations {5.1.2.Final}
2024-07-23 14:43 org.hibernate.dialect.Dialect-HHH000400: Using dialect: org.hibernate.dialect.MariaDBDialect
2024-07-23 14:43 o.h.e.t.j.p.i.JtaPlatformInitiator-HHH000490: Using JtaPlatform implementation: [org.hibernate.engine.transaction.jta.platform.internal.NoJtaPlatform]
2024-07-23 14:43 o.s.o.j.LocalContainerEntityManagerFactoryBean-Initialized JPA EntityManagerFactory for persistence unit 'default'
2024-07-23 14:43 o.s.b.a.o.j.JpaBaseConfiguration$JpaWebConfiguration-spring.jpa.open-in-view is enabled by default. Therefore, database queries may be performed during view rendering. Explicitly configure spring.jpa.open-in-view to disable this warning
2024-07-23 14:43 o.s.b.a.batch.JpaBatchConfigurer-JPA does not support custom isolation levels, so locks may not be taken when launching Jobs. To silence this warning, set 'spring.batch.jdbc.isolation-level-for-create' to 'default'.
2024-07-23 14:43 o.s.b.c.r.s.JobRepositoryFactoryBean-No database type set, using meta data indicating: MYSQL
2024-07-23 14:43 o.s.b.c.l.support.SimpleJobLauncher-No TaskExecutor has been set, defaulting to synchronous executor.
2024-07-23 14:43 o.a.coyote.http11.Http11NioProtocol-Starting ProtocolHandler ["http-nio-8080"]
2024-07-23 14:43 o.s.b.w.e.tomcat.TomcatWebServer-Tomcat started on port(s): 8080 (http) with context path ''
2024-07-23 14:43 com.beyond.board.BoardApplication-Started BoardApplication in 9.325 seconds (JVM running for 10.25)
2024-07-23 14:43 o.s.b.a.b.JobLauncherApplicationRunner-Running default command line with: []
2024-07-23 14:43 o.a.c.c.C.[Tomcat].[localhost].[/]-Initializing Spring DispatcherServlet 'dispatcherServlet'
2024-07-23 14:43 o.s.web.servlet.DispatcherServlet-Initializing Servlet 'dispatcherServlet'
2024-07-23 14:43 o.s.web.servlet.DispatcherServlet-Completed initialization in 8 ms
2024-07-23 14:43 c.b.b.a.controller.AuthorController-get요청이고, parameter는 1
2024-07-23 14:43 c.b.b.a.controller.AuthorController-method 명 : authorDetail
2024-07-23 14:44 c.b.b.post.controller.PostController-get요청이고, parameter는 11
2024-07-23 14:44 c.b.b.post.controller.PostController-method 명 : detailPost
2024-07-23 14:45 o.s.o.j.LocalContainerEntityManagerFactoryBean-Closing JPA EntityManagerFactory for persistence unit 'default'
2024-07-23 14:45 com.zaxxer.hikari.HikariDataSource-HikariPool-1 - Shutdown initiated...
2024-07-23 14:45 com.zaxxer.hikari.HikariDataSource-HikariPool-1 - Shutdown completed.
2024-07-23 15:11 com.beyond.board.BoardApplication-Starting BoardApplication using Java 11.0.22 on DESKTOP-2NA2JSQ with PID 1060 (C:\Users\Playtdata\Desktop\Yeji\spring\board\out\production\classes started by Playtdata in C:\Users\Playtdata\Desktop\Yeji\spring\board)
2024-07-23 15:11 com.beyond.board.BoardApplication-The following 1 profile is active: "dev"
2024-07-23 15:11 o.s.d.r.c.RepositoryConfigurationDelegate-Bootstrapping Spring Data JPA repositories in DEFAULT mode.
2024-07-23 15:11 o.s.d.r.c.RepositoryConfigurationDelegate-Finished Spring Data repository scanning in 109 ms. Found 2 JPA repository interfaces.
2024-07-23 15:11 o.s.b.w.s.c.AnnotationConfigServletWebServerApplicationContext-Exception encountered during context initialization - cancelling refresh attempt: org.springframework.beans.factory.BeanCreationException: Error creating bean with name 'projectingArgumentResolverBeanPostProcessor' defined in class path resource [org/springframework/data/web/config/ProjectingArgumentResolverRegistrar.class]: BeanPostProcessor before instantiation of bean failed; nested exception is org.springframework.beans.factory.BeanCreationException: Error creating bean with name 'org.springframework.transaction.annotation.ProxyTransactionManagementConfiguration': Initialization of bean failed; nested exception is java.lang.IllegalArgumentException: error at ::0 formal unbound in pointcut 
2024-07-23 15:11 o.s.b.a.l.ConditionEvaluationReportLoggingListener-

Error starting ApplicationContext. To display the conditions report re-run your application with 'debug' enabled.
2024-07-23 15:11 o.s.boot.SpringApplication-Application run failed
org.springframework.beans.factory.BeanCreationException: Error creating bean with name 'projectingArgumentResolverBeanPostProcessor' defined in class path resource [org/springframework/data/web/config/ProjectingArgumentResolverRegistrar.class]: BeanPostProcessor before instantiation of bean failed; nested exception is org.springframework.beans.factory.BeanCreationException: Error creating bean with name 'org.springframework.transaction.annotation.ProxyTransactionManagementConfiguration': Initialization of bean failed; nested exception is java.lang.IllegalArgumentException: error at ::0 formal unbound in pointcut 
	at org.springframework.beans.factory.support.AbstractAutowireCapableBeanFactory.createBean(AbstractAutowireCapableBeanFactory.java:537)
	at org.springframework.beans.factory.support.AbstractBeanFactory.lambda$doGetBean$0(AbstractBeanFactory.java:335)
	at org.springframework.beans.factory.support.DefaultSingletonBeanRegistry.getSingleton(DefaultSingletonBeanRegistry.java:234)
	at org.springframework.beans.factory.support.AbstractBeanFactory.doGetBean(AbstractBeanFactory.java:333)
	at org.springframework.beans.factory.support.AbstractBeanFactory.getBean(AbstractBeanFactory.java:213)
	at org.springframework.context.support.PostProcessorRegistrationDelegate.registerBeanPostProcessors(PostProcessorRegistrationDelegate.java:270)
	at org.springframework.context.support.AbstractApplicationContext.registerBeanPostProcessors(AbstractApplicationContext.java:764)
	at org.springframework.context.support.AbstractApplicationContext.refresh(AbstractApplicationContext.java:567)
	at org.springframework.boot.web.servlet.context.ServletWebServerApplicationContext.refresh(ServletWebServerApplicationContext.java:147)
	at org.springframework.boot.SpringApplication.refresh(SpringApplication.java:731)
	at org.springframework.boot.SpringApplication.refreshContext(SpringApplication.java:408)
	at org.springframework.boot.SpringApplication.run(SpringApplication.java:307)
	at org.springframework.boot.SpringApplication.run(SpringApplication.java:1303)
	at org.springframework.boot.SpringApplication.run(SpringApplication.java:1292)
	at com.beyond.board.BoardApplication.main(BoardApplication.java:14)
Caused by: org.springframework.beans.factory.BeanCreationException: Error creating bean with name 'org.springframework.transaction.annotation.ProxyTransactionManagementConfiguration': Initialization of bean failed; nested exception is java.lang.IllegalArgumentException: error at ::0 formal unbound in pointcut 
	at org.springframework.beans.factory.support.AbstractAutowireCapableBeanFactory.doCreateBean(AbstractAutowireCapableBeanFactory.java:628)
	at org.springframework.beans.factory.support.AbstractAutowireCapableBeanFactory.createBean(AbstractAutowireCapableBeanFactory.java:542)
	at org.springframework.beans.factory.support.AbstractBeanFactory.lambda$doGetBean$0(AbstractBeanFactory.java:335)
	at org.springframework.beans.factory.support.DefaultSingletonBeanRegistry.getSingleton(DefaultSingletonBeanRegistry.java:234)
	at org.springframework.beans.factory.support.AbstractBeanFactory.doGetBean(AbstractBeanFactory.java:333)
	at org.springframework.beans.factory.support.AbstractBeanFactory.getBean(AbstractBeanFactory.java:208)
	at org.springframework.beans.factory.support.ConstructorResolver.instantiateUsingFactoryMethod(ConstructorResolver.java:410)
	at org.springframework.beans.factory.support.AbstractAutowireCapableBeanFactory.instantiateUsingFactoryMethod(AbstractAutowireCapableBeanFactory.java:1352)
	at org.springframework.beans.factory.support.AbstractAutowireCapableBeanFactory.createBeanInstance(AbstractAutowireCapableBeanFactory.java:1195)
	at org.springframework.beans.factory.support.AbstractAutowireCapableBeanFactory.doCreateBean(AbstractAutowireCapableBeanFactory.java:582)
	at org.springframework.beans.factory.support.AbstractAutowireCapableBeanFactory.createBean(AbstractAutowireCapableBeanFactory.java:542)
	at org.springframework.beans.factory.support.AbstractBeanFactory.lambda$doGetBean$0(AbstractBeanFactory.java:335)
	at org.springframework.beans.factory.support.DefaultSingletonBeanRegistry.getSingleton(DefaultSingletonBeanRegistry.java:234)
	at org.springframework.beans.factory.support.AbstractBeanFactory.doGetBean(AbstractBeanFactory.java:333)
	at org.springframework.beans.factory.support.AbstractBeanFactory.getBean(AbstractBeanFactory.java:213)
	at org.springframework.aop.framework.autoproxy.BeanFactoryAdvisorRetrievalHelper.findAdvisorBeans(BeanFactoryAdvisorRetrievalHelper.java:91)
	at org.springframework.aop.framework.autoproxy.AbstractAdvisorAutoProxyCreator.findCandidateAdvisors(AbstractAdvisorAutoProxyCreator.java:111)
	at org.springframework.aop.aspectj.annotation.AnnotationAwareAspectJAutoProxyCreator.findCandidateAdvisors(AnnotationAwareAspectJAutoProxyCreator.java:92)
	at org.springframework.aop.aspectj.autoproxy.AspectJAwareAdvisorAutoProxyCreator.shouldSkip(AspectJAwareAdvisorAutoProxyCreator.java:101)
	at org.springframework.aop.framework.autoproxy.AbstractAutoProxyCreator.postProcessBeforeInstantiation(AbstractAutoProxyCreator.java:255)
	at org.springframework.beans.factory.support.AbstractAutowireCapableBeanFactory.applyBeanPostProcessorsBeforeInstantiation(AbstractAutowireCapableBeanFactory.java:1160)
	at org.springframework.beans.factory.support.AbstractAutowireCapableBeanFactory.resolveBeforeInstantiation(AbstractAutowireCapableBeanFactory.java:1135)
	at org.springframework.beans.factory.support.AbstractAutowireCapableBeanFactory.createBean(AbstractAutowireCapableBeanFactory.java:531)
	... 14 common frames omitted
Caused by: java.lang.IllegalArgumentException: error at ::0 formal unbound in pointcut 
	at org.aspectj.weaver.tools.PointcutParser.parsePointcutExpression(PointcutParser.java:319)
	at org.springframework.aop.aspectj.AspectJExpressionPointcut.buildPointcutExpression(AspectJExpressionPointcut.java:227)
	at org.springframework.aop.aspectj.AspectJExpressionPointcut.obtainPointcutExpression(AspectJExpressionPointcut.java:198)
	at org.springframework.aop.aspectj.AspectJExpressionPointcut.getClassFilter(AspectJExpressionPointcut.java:177)
	at org.springframework.aop.support.AopUtils.canApply(AopUtils.java:226)
	at org.springframework.aop.support.AopUtils.canApply(AopUtils.java:289)
	at org.springframework.aop.support.AopUtils.findAdvisorsThatCanApply(AopUtils.java:321)
	at org.springframework.aop.framework.autoproxy.AbstractAdvisorAutoProxyCreator.findAdvisorsThatCanApply(AbstractAdvisorAutoProxyCreator.java:128)
	at org.springframework.aop.framework.autoproxy.AbstractAdvisorAutoProxyCreator.findEligibleAdvisors(AbstractAdvisorAutoProxyCreator.java:97)
	at org.springframework.aop.framework.autoproxy.AbstractAdvisorAutoProxyCreator.getAdvicesAndAdvisorsForBean(AbstractAdvisorAutoProxyCreator.java:78)
	at org.springframework.aop.framework.autoproxy.AbstractAutoProxyCreator.wrapIfNecessary(AbstractAutoProxyCreator.java:341)
	at org.springframework.aop.framework.autoproxy.AbstractAutoProxyCreator.postProcessAfterInitialization(AbstractAutoProxyCreator.java:293)
	at org.springframework.beans.factory.support.AbstractAutowireCapableBeanFactory.applyBeanPostProcessorsAfterInitialization(AbstractAutowireCapableBeanFactory.java:455)
	at org.springframework.beans.factory.support.AbstractAutowireCapableBeanFactory.initializeBean(AbstractAutowireCapableBeanFactory.java:1808)
	at org.springframework.beans.factory.support.AbstractAutowireCapableBeanFactory.doCreateBean(AbstractAutowireCapableBeanFactory.java:620)
	... 36 common frames omitted
2024-07-23 15:13 com.beyond.board.BoardApplication-Starting BoardApplication using Java 11.0.22 on DESKTOP-2NA2JSQ with PID 8880 (C:\Users\Playtdata\Desktop\Yeji\spring\board\out\production\classes started by Playtdata in C:\Users\Playtdata\Desktop\Yeji\spring\board)
2024-07-23 15:13 com.beyond.board.BoardApplication-The following 1 profile is active: "dev"
2024-07-23 15:13 o.s.d.r.c.RepositoryConfigurationDelegate-Bootstrapping Spring Data JPA repositories in DEFAULT mode.
2024-07-23 15:13 o.s.d.r.c.RepositoryConfigurationDelegate-Finished Spring Data repository scanning in 87 ms. Found 2 JPA repository interfaces.
2024-07-23 15:13 o.s.b.w.e.tomcat.TomcatWebServer-Tomcat initialized with port(s): 8080 (http)
2024-07-23 15:13 o.a.coyote.http11.Http11NioProtocol-Initializing ProtocolHandler ["http-nio-8080"]
2024-07-23 15:13 o.a.catalina.core.StandardService-Starting service [Tomcat]
2024-07-23 15:13 o.a.catalina.core.StandardEngine-Starting Servlet engine: [Apache Tomcat/9.0.74]
2024-07-23 15:13 o.a.c.c.C.[Tomcat].[localhost].[/]-Initializing Spring embedded WebApplicationContext
2024-07-23 15:13 o.s.b.w.s.c.ServletWebServerApplicationContext-Root WebApplicationContext: initialization completed in 3149 ms
2024-07-23 15:13 com.zaxxer.hikari.HikariDataSource-HikariPool-1 - Starting...
2024-07-23 15:13 com.zaxxer.hikari.HikariDataSource-HikariPool-1 - Start completed.
2024-07-23 15:13 o.h.jpa.internal.util.LogHelper-HHH000204: Processing PersistenceUnitInfo [name: default]
2024-07-23 15:13 org.hibernate.Version-HHH000412: Hibernate ORM core version 5.6.15.Final
2024-07-23 15:13 o.h.annotations.common.Version-HCANN000001: Hibernate Commons Annotations {5.1.2.Final}
2024-07-23 15:13 org.hibernate.dialect.Dialect-HHH000400: Using dialect: org.hibernate.dialect.MariaDBDialect
2024-07-23 15:13 o.h.e.t.j.p.i.JtaPlatformInitiator-HHH000490: Using JtaPlatform implementation: [org.hibernate.engine.transaction.jta.platform.internal.NoJtaPlatform]
2024-07-23 15:13 o.s.o.j.LocalContainerEntityManagerFactoryBean-Initialized JPA EntityManagerFactory for persistence unit 'default'
2024-07-23 15:13 o.s.b.a.o.j.JpaBaseConfiguration$JpaWebConfiguration-spring.jpa.open-in-view is enabled by default. Therefore, database queries may be performed during view rendering. Explicitly configure spring.jpa.open-in-view to disable this warning
2024-07-23 15:13 o.s.b.a.batch.JpaBatchConfigurer-JPA does not support custom isolation levels, so locks may not be taken when launching Jobs. To silence this warning, set 'spring.batch.jdbc.isolation-level-for-create' to 'default'.
2024-07-23 15:13 o.s.b.c.r.s.JobRepositoryFactoryBean-No database type set, using meta data indicating: MYSQL
2024-07-23 15:13 o.s.b.c.l.support.SimpleJobLauncher-No TaskExecutor has been set, defaulting to synchronous executor.
2024-07-23 15:13 o.a.coyote.http11.Http11NioProtocol-Starting ProtocolHandler ["http-nio-8080"]
2024-07-23 15:13 o.s.b.w.e.tomcat.TomcatWebServer-Tomcat started on port(s): 8080 (http) with context path ''
2024-07-23 15:13 com.beyond.board.BoardApplication-Started BoardApplication in 8.826 seconds (JVM running for 9.616)
2024-07-23 15:13 o.s.b.a.b.JobLauncherApplicationRunner-Running default command line with: []
2024-07-23 15:13 o.a.c.c.C.[Tomcat].[localhost].[/]-Initializing Spring DispatcherServlet 'dispatcherServlet'
2024-07-23 15:13 o.s.web.servlet.DispatcherServlet-Initializing Servlet 'dispatcherServlet'
2024-07-23 15:13 o.s.web.servlet.DispatcherServlet-Completed initialization in 0 ms
2024-07-23 15:13 c.beyond.board.common.AopLogService-aop start
2024-07-23 15:14 c.b.b.post.controller.PostController-get요청이고, parameter는 11
2024-07-23 15:14 c.b.b.post.controller.PostController-method 명 : detailPost
2024-07-23 15:14 c.beyond.board.common.AopLogService-aop end
2024-07-23 15:27 o.s.o.j.LocalContainerEntityManagerFactoryBean-Closing JPA EntityManagerFactory for persistence unit 'default'
2024-07-23 15:27 com.zaxxer.hikari.HikariDataSource-HikariPool-1 - Shutdown initiated...
2024-07-23 15:27 com.zaxxer.hikari.HikariDataSource-HikariPool-1 - Shutdown completed.
2024-07-23 15:27 com.beyond.board.BoardApplication-Starting BoardApplication using Java 11.0.22 on DESKTOP-2NA2JSQ with PID 12332 (C:\Users\Playtdata\Desktop\Yeji\spring\board\out\production\classes started by Playtdata in C:\Users\Playtdata\Desktop\Yeji\spring\board)
2024-07-23 15:27 com.beyond.board.BoardApplication-The following 1 profile is active: "dev"
2024-07-23 15:27 o.s.d.r.c.RepositoryConfigurationDelegate-Bootstrapping Spring Data JPA repositories in DEFAULT mode.
2024-07-23 15:27 o.s.d.r.c.RepositoryConfigurationDelegate-Finished Spring Data repository scanning in 89 ms. Found 2 JPA repository interfaces.
2024-07-23 15:27 o.s.b.w.e.tomcat.TomcatWebServer-Tomcat initialized with port(s): 8080 (http)
2024-07-23 15:27 o.a.coyote.http11.Http11NioProtocol-Initializing ProtocolHandler ["http-nio-8080"]
2024-07-23 15:27 o.a.catalina.core.StandardService-Starting service [Tomcat]
2024-07-23 15:27 o.a.catalina.core.StandardEngine-Starting Servlet engine: [Apache Tomcat/9.0.74]
2024-07-23 15:27 o.a.c.c.C.[Tomcat].[localhost].[/]-Initializing Spring embedded WebApplicationContext
2024-07-23 15:27 o.s.b.w.s.c.ServletWebServerApplicationContext-Root WebApplicationContext: initialization completed in 3626 ms
2024-07-23 15:27 com.zaxxer.hikari.HikariDataSource-HikariPool-1 - Starting...
2024-07-23 15:27 com.zaxxer.hikari.HikariDataSource-HikariPool-1 - Start completed.
2024-07-23 15:27 o.h.jpa.internal.util.LogHelper-HHH000204: Processing PersistenceUnitInfo [name: default]
2024-07-23 15:27 org.hibernate.Version-HHH000412: Hibernate ORM core version 5.6.15.Final
2024-07-23 15:27 o.h.annotations.common.Version-HCANN000001: Hibernate Commons Annotations {5.1.2.Final}
2024-07-23 15:27 org.hibernate.dialect.Dialect-HHH000400: Using dialect: org.hibernate.dialect.MariaDBDialect
2024-07-23 15:27 o.h.e.t.j.p.i.JtaPlatformInitiator-HHH000490: Using JtaPlatform implementation: [org.hibernate.engine.transaction.jta.platform.internal.NoJtaPlatform]
2024-07-23 15:27 o.s.o.j.LocalContainerEntityManagerFactoryBean-Initialized JPA EntityManagerFactory for persistence unit 'default'
2024-07-23 15:27 o.s.b.a.o.j.JpaBaseConfiguration$JpaWebConfiguration-spring.jpa.open-in-view is enabled by default. Therefore, database queries may be performed during view rendering. Explicitly configure spring.jpa.open-in-view to disable this warning
2024-07-23 15:27 o.s.b.a.batch.JpaBatchConfigurer-JPA does not support custom isolation levels, so locks may not be taken when launching Jobs. To silence this warning, set 'spring.batch.jdbc.isolation-level-for-create' to 'default'.
2024-07-23 15:27 o.s.b.c.r.s.JobRepositoryFactoryBean-No database type set, using meta data indicating: MYSQL
2024-07-23 15:27 o.s.b.c.l.support.SimpleJobLauncher-No TaskExecutor has been set, defaulting to synchronous executor.
2024-07-23 15:27 o.a.coyote.http11.Http11NioProtocol-Starting ProtocolHandler ["http-nio-8080"]
2024-07-23 15:27 o.s.b.w.e.tomcat.TomcatWebServer-Tomcat started on port(s): 8080 (http) with context path ''
2024-07-23 15:27 com.beyond.board.BoardApplication-Started BoardApplication in 10.088 seconds (JVM running for 11.04)
2024-07-23 15:27 o.s.b.a.b.JobLauncherApplicationRunner-Running default command line with: []
2024-07-23 15:27 o.a.c.c.C.[Tomcat].[localhost].[/]-Initializing Spring DispatcherServlet 'dispatcherServlet'
2024-07-23 15:27 o.s.web.servlet.DispatcherServlet-Initializing Servlet 'dispatcherServlet'
2024-07-23 15:27 o.s.web.servlet.DispatcherServlet-Completed initialization in 4 ms
2024-07-23 15:27 c.beyond.board.common.AopLogService-aop start
2024-07-23 15:27 c.beyond.board.common.AopLogService-method명은 : detailPost
2024-07-23 15:27 c.beyond.board.common.AopLogService-HTTP 메서드 GET
2024-07-23 15:27 c.beyond.board.common.AopLogService-aop end
2024-07-23 15:27 c.beyond.board.common.AopLogService-aop start
2024-07-23 15:27 c.beyond.board.common.AopLogService-method명은 : authorList
2024-07-23 15:27 c.beyond.board.common.AopLogService-HTTP 메서드 GET
2024-07-23 15:27 c.beyond.board.common.AopLogService-aop end
2024-07-23 15:27 c.beyond.board.common.AopLogService-aop start
2024-07-23 15:27 c.beyond.board.common.AopLogService-method명은 : postList
2024-07-23 15:27 c.beyond.board.common.AopLogService-HTTP 메서드 GET
2024-07-23 15:27 c.beyond.board.common.AopLogService-aop end
2024-07-23 15:27 c.beyond.board.common.AopLogService-aop start
2024-07-23 15:27 c.beyond.board.common.AopLogService-method명은 : createAuthor
2024-07-23 15:27 c.beyond.board.common.AopLogService-HTTP 메서드 GET
2024-07-23 15:27 c.b.b.a.controller.AuthorController-화면 열어보기
2024-07-23 15:27 c.beyond.board.common.AopLogService-aop end
2024-07-23 15:34 o.s.o.j.LocalContainerEntityManagerFactoryBean-Closing JPA EntityManagerFactory for persistence unit 'default'
2024-07-23 15:34 com.zaxxer.hikari.HikariDataSource-HikariPool-1 - Shutdown initiated...
2024-07-23 15:34 com.zaxxer.hikari.HikariDataSource-HikariPool-1 - Shutdown completed.
2024-07-23 15:34 com.beyond.board.BoardApplication-Starting BoardApplication using Java 11.0.22 on DESKTOP-2NA2JSQ with PID 7632 (C:\Users\Playtdata\Desktop\Yeji\spring\board\out\production\classes started by Playtdata in C:\Users\Playtdata\Desktop\Yeji\spring\board)
2024-07-23 15:34 com.beyond.board.BoardApplication-The following 1 profile is active: "dev"
2024-07-23 15:34 o.s.d.r.c.RepositoryConfigurationDelegate-Bootstrapping Spring Data JPA repositories in DEFAULT mode.
2024-07-23 15:34 o.s.d.r.c.RepositoryConfigurationDelegate-Finished Spring Data repository scanning in 83 ms. Found 2 JPA repository interfaces.
2024-07-23 15:34 o.s.b.w.e.tomcat.TomcatWebServer-Tomcat initialized with port(s): 8080 (http)
2024-07-23 15:34 o.a.coyote.http11.Http11NioProtocol-Initializing ProtocolHandler ["http-nio-8080"]
2024-07-23 15:34 o.a.catalina.core.StandardService-Starting service [Tomcat]
2024-07-23 15:34 o.a.catalina.core.StandardEngine-Starting Servlet engine: [Apache Tomcat/9.0.74]
2024-07-23 15:34 o.a.c.c.C.[Tomcat].[localhost].[/]-Initializing Spring embedded WebApplicationContext
2024-07-23 15:34 o.s.b.w.s.c.ServletWebServerApplicationContext-Root WebApplicationContext: initialization completed in 3328 ms
2024-07-23 15:34 com.zaxxer.hikari.HikariDataSource-HikariPool-1 - Starting...
2024-07-23 15:34 com.zaxxer.hikari.HikariDataSource-HikariPool-1 - Start completed.
2024-07-23 15:34 o.h.jpa.internal.util.LogHelper-HHH000204: Processing PersistenceUnitInfo [name: default]
2024-07-23 15:34 org.hibernate.Version-HHH000412: Hibernate ORM core version 5.6.15.Final
2024-07-23 15:34 o.h.annotations.common.Version-HCANN000001: Hibernate Commons Annotations {5.1.2.Final}
2024-07-23 15:34 org.hibernate.dialect.Dialect-HHH000400: Using dialect: org.hibernate.dialect.MariaDBDialect
2024-07-23 15:34 o.h.e.t.j.p.i.JtaPlatformInitiator-HHH000490: Using JtaPlatform implementation: [org.hibernate.engine.transaction.jta.platform.internal.NoJtaPlatform]
2024-07-23 15:34 o.s.o.j.LocalContainerEntityManagerFactoryBean-Initialized JPA EntityManagerFactory for persistence unit 'default'
2024-07-23 15:34 o.s.b.a.o.j.JpaBaseConfiguration$JpaWebConfiguration-spring.jpa.open-in-view is enabled by default. Therefore, database queries may be performed during view rendering. Explicitly configure spring.jpa.open-in-view to disable this warning
2024-07-23 15:34 o.s.b.a.batch.JpaBatchConfigurer-JPA does not support custom isolation levels, so locks may not be taken when launching Jobs. To silence this warning, set 'spring.batch.jdbc.isolation-level-for-create' to 'default'.
2024-07-23 15:34 o.s.b.c.r.s.JobRepositoryFactoryBean-No database type set, using meta data indicating: MYSQL
2024-07-23 15:34 o.s.b.c.l.support.SimpleJobLauncher-No TaskExecutor has been set, defaulting to synchronous executor.
2024-07-23 15:34 o.a.coyote.http11.Http11NioProtocol-Starting ProtocolHandler ["http-nio-8080"]
2024-07-23 15:34 o.s.b.w.e.tomcat.TomcatWebServer-Tomcat started on port(s): 8080 (http) with context path ''
2024-07-23 15:34 com.beyond.board.BoardApplication-Started BoardApplication in 8.857 seconds (JVM running for 9.718)
2024-07-23 15:34 o.s.b.a.b.JobLauncherApplicationRunner-Running default command line with: []
2024-07-23 15:34 o.a.c.c.C.[Tomcat].[localhost].[/]-Initializing Spring DispatcherServlet 'dispatcherServlet'
2024-07-23 15:34 o.s.web.servlet.DispatcherServlet-Initializing Servlet 'dispatcherServlet'
2024-07-23 15:34 o.s.web.servlet.DispatcherServlet-Completed initialization in 3 ms
2024-07-23 15:34 c.beyond.board.common.AopLogService-aop start
2024-07-23 15:34 c.beyond.board.common.AopLogService-method명은 : authorList
2024-07-23 15:34 c.beyond.board.common.AopLogService-HTTP 메서드 GET
2024-07-23 15:34 c.beyond.board.common.AopLogService-aop end
2024-07-23 15:34 c.beyond.board.common.AopLogService-aop start
2024-07-23 15:34 c.beyond.board.common.AopLogService-method명은 : postList
2024-07-23 15:34 c.beyond.board.common.AopLogService-HTTP 메서드 GET
2024-07-23 15:34 c.beyond.board.common.AopLogService-aop end
2024-07-23 15:34 c.beyond.board.common.AopLogService-aop start
2024-07-23 15:34 c.beyond.board.common.AopLogService-method명은 : createAuthor
2024-07-23 15:34 c.beyond.board.common.AopLogService-HTTP 메서드 GET
2024-07-23 15:34 c.b.b.a.controller.AuthorController-화면 열어보기
2024-07-23 15:34 c.beyond.board.common.AopLogService-aop end
2024-07-23 15:42 o.s.o.j.LocalContainerEntityManagerFactoryBean-Closing JPA EntityManagerFactory for persistence unit 'default'
2024-07-23 15:42 com.zaxxer.hikari.HikariDataSource-HikariPool-1 - Shutdown initiated...
2024-07-23 15:42 com.zaxxer.hikari.HikariDataSource-HikariPool-1 - Shutdown completed.
2024-07-23 15:43 com.beyond.board.BoardApplication-Starting BoardApplication using Java 11.0.22 on DESKTOP-2NA2JSQ with PID 10596 (C:\Users\Playtdata\Desktop\Yeji\spring\board\out\production\classes started by Playtdata in C:\Users\Playtdata\Desktop\Yeji\spring\board)
2024-07-23 15:43 com.beyond.board.BoardApplication-The following 1 profile is active: "dev"
2024-07-23 15:43 o.s.d.r.c.RepositoryConfigurationDelegate-Bootstrapping Spring Data JPA repositories in DEFAULT mode.
2024-07-23 15:43 o.s.d.r.c.RepositoryConfigurationDelegate-Finished Spring Data repository scanning in 80 ms. Found 2 JPA repository interfaces.
2024-07-23 15:43 o.s.b.w.e.tomcat.TomcatWebServer-Tomcat initialized with port(s): 8080 (http)
2024-07-23 15:43 o.a.coyote.http11.Http11NioProtocol-Initializing ProtocolHandler ["http-nio-8080"]
2024-07-23 15:43 o.a.catalina.core.StandardService-Starting service [Tomcat]
2024-07-23 15:43 o.a.catalina.core.StandardEngine-Starting Servlet engine: [Apache Tomcat/9.0.74]
2024-07-23 15:43 o.a.c.c.C.[Tomcat].[localhost].[/]-Initializing Spring embedded WebApplicationContext
2024-07-23 15:43 o.s.b.w.s.c.ServletWebServerApplicationContext-Root WebApplicationContext: initialization completed in 2940 ms
2024-07-23 15:43 com.zaxxer.hikari.HikariDataSource-HikariPool-1 - Starting...
2024-07-23 15:43 com.zaxxer.hikari.HikariDataSource-HikariPool-1 - Start completed.
2024-07-23 15:43 o.h.jpa.internal.util.LogHelper-HHH000204: Processing PersistenceUnitInfo [name: default]
2024-07-23 15:43 org.hibernate.Version-HHH000412: Hibernate ORM core version 5.6.15.Final
2024-07-23 15:43 o.h.annotations.common.Version-HCANN000001: Hibernate Commons Annotations {5.1.2.Final}
2024-07-23 15:43 org.hibernate.dialect.Dialect-HHH000400: Using dialect: org.hibernate.dialect.MariaDBDialect
2024-07-23 15:43 o.h.e.t.j.p.i.JtaPlatformInitiator-HHH000490: Using JtaPlatform implementation: [org.hibernate.engine.transaction.jta.platform.internal.NoJtaPlatform]
2024-07-23 15:43 o.s.o.j.LocalContainerEntityManagerFactoryBean-Initialized JPA EntityManagerFactory for persistence unit 'default'
2024-07-23 15:43 o.s.b.a.o.j.JpaBaseConfiguration$JpaWebConfiguration-spring.jpa.open-in-view is enabled by default. Therefore, database queries may be performed during view rendering. Explicitly configure spring.jpa.open-in-view to disable this warning
2024-07-23 15:43 o.s.b.a.batch.JpaBatchConfigurer-JPA does not support custom isolation levels, so locks may not be taken when launching Jobs. To silence this warning, set 'spring.batch.jdbc.isolation-level-for-create' to 'default'.
2024-07-23 15:43 o.s.b.c.r.s.JobRepositoryFactoryBean-No database type set, using meta data indicating: MYSQL
2024-07-23 15:43 o.s.b.c.l.support.SimpleJobLauncher-No TaskExecutor has been set, defaulting to synchronous executor.
2024-07-23 15:43 o.a.coyote.http11.Http11NioProtocol-Starting ProtocolHandler ["http-nio-8080"]
2024-07-23 15:43 o.s.b.w.e.tomcat.TomcatWebServer-Tomcat started on port(s): 8080 (http) with context path ''
2024-07-23 15:43 com.beyond.board.BoardApplication-Started BoardApplication in 8.767 seconds (JVM running for 9.684)
2024-07-23 15:43 o.s.b.a.b.JobLauncherApplicationRunner-Running default command line with: []
2024-07-23 15:43 o.a.c.c.C.[Tomcat].[localhost].[/]-Initializing Spring DispatcherServlet 'dispatcherServlet'
2024-07-23 15:43 o.s.web.servlet.DispatcherServlet-Initializing Servlet 'dispatcherServlet'
2024-07-23 15:43 o.s.web.servlet.DispatcherServlet-Completed initialization in 8 ms
2024-07-23 15:43 c.beyond.board.common.AopLogService-aop start
2024-07-23 15:43 c.beyond.board.common.AopLogService-method명은 : authorList
2024-07-23 15:43 c.beyond.board.common.AopLogService-HTTP 메서드 GET
2024-07-23 15:43 c.beyond.board.common.AopLogService-user inputs:org.apache.catalina.util.ParameterMap@c6d8e61
2024-07-23 15:43 c.beyond.board.common.AopLogService-aop end
2024-07-23 15:43 c.beyond.board.common.AopLogService-aop start
2024-07-23 15:43 c.beyond.board.common.AopLogService-method명은 : authorList
2024-07-23 15:43 c.beyond.board.common.AopLogService-HTTP 메서드 GET
2024-07-23 15:43 c.beyond.board.common.AopLogService-user inputs:org.apache.catalina.util.ParameterMap@7aee693b
2024-07-23 15:43 c.beyond.board.common.AopLogService-aop end
2024-07-23 15:44 o.s.o.j.LocalContainerEntityManagerFactoryBean-Closing JPA EntityManagerFactory for persistence unit 'default'
2024-07-23 15:44 com.zaxxer.hikari.HikariDataSource-HikariPool-1 - Shutdown initiated...
2024-07-23 15:44 com.zaxxer.hikari.HikariDataSource-HikariPool-1 - Shutdown completed.
2024-07-23 15:44 com.beyond.board.BoardApplication-Starting BoardApplication using Java 11.0.22 on DESKTOP-2NA2JSQ with PID 17688 (C:\Users\Playtdata\Desktop\Yeji\spring\board\out\production\classes started by Playtdata in C:\Users\Playtdata\Desktop\Yeji\spring\board)
2024-07-23 15:44 com.beyond.board.BoardApplication-The following 1 profile is active: "dev"
2024-07-23 15:44 o.s.d.r.c.RepositoryConfigurationDelegate-Bootstrapping Spring Data JPA repositories in DEFAULT mode.
2024-07-23 15:44 o.s.d.r.c.RepositoryConfigurationDelegate-Finished Spring Data repository scanning in 62 ms. Found 2 JPA repository interfaces.
2024-07-23 15:44 o.s.b.w.e.tomcat.TomcatWebServer-Tomcat initialized with port(s): 8080 (http)
2024-07-23 15:44 o.a.coyote.http11.Http11NioProtocol-Initializing ProtocolHandler ["http-nio-8080"]
2024-07-23 15:44 o.a.catalina.core.StandardService-Starting service [Tomcat]
2024-07-23 15:44 o.a.catalina.core.StandardEngine-Starting Servlet engine: [Apache Tomcat/9.0.74]
2024-07-23 15:44 o.a.c.c.C.[Tomcat].[localhost].[/]-Initializing Spring embedded WebApplicationContext
2024-07-23 15:44 o.s.b.w.s.c.ServletWebServerApplicationContext-Root WebApplicationContext: initialization completed in 2818 ms
2024-07-23 15:44 com.zaxxer.hikari.HikariDataSource-HikariPool-1 - Starting...
2024-07-23 15:44 com.zaxxer.hikari.HikariDataSource-HikariPool-1 - Start completed.
2024-07-23 15:44 o.h.jpa.internal.util.LogHelper-HHH000204: Processing PersistenceUnitInfo [name: default]
2024-07-23 15:44 org.hibernate.Version-HHH000412: Hibernate ORM core version 5.6.15.Final
2024-07-23 15:44 o.h.annotations.common.Version-HCANN000001: Hibernate Commons Annotations {5.1.2.Final}
2024-07-23 15:44 org.hibernate.dialect.Dialect-HHH000400: Using dialect: org.hibernate.dialect.MariaDBDialect
2024-07-23 15:44 o.h.e.t.j.p.i.JtaPlatformInitiator-HHH000490: Using JtaPlatform implementation: [org.hibernate.engine.transaction.jta.platform.internal.NoJtaPlatform]
2024-07-23 15:44 o.s.o.j.LocalContainerEntityManagerFactoryBean-Initialized JPA EntityManagerFactory for persistence unit 'default'
2024-07-23 15:44 o.s.b.a.o.j.JpaBaseConfiguration$JpaWebConfiguration-spring.jpa.open-in-view is enabled by default. Therefore, database queries may be performed during view rendering. Explicitly configure spring.jpa.open-in-view to disable this warning
2024-07-23 15:44 o.s.b.a.batch.JpaBatchConfigurer-JPA does not support custom isolation levels, so locks may not be taken when launching Jobs. To silence this warning, set 'spring.batch.jdbc.isolation-level-for-create' to 'default'.
2024-07-23 15:44 o.s.b.c.r.s.JobRepositoryFactoryBean-No database type set, using meta data indicating: MYSQL
2024-07-23 15:44 o.s.b.c.l.support.SimpleJobLauncher-No TaskExecutor has been set, defaulting to synchronous executor.
2024-07-23 15:44 o.a.coyote.http11.Http11NioProtocol-Starting ProtocolHandler ["http-nio-8080"]
2024-07-23 15:44 o.s.b.w.e.tomcat.TomcatWebServer-Tomcat started on port(s): 8080 (http) with context path ''
2024-07-23 15:44 com.beyond.board.BoardApplication-Started BoardApplication in 7.663 seconds (JVM running for 8.514)
2024-07-23 15:44 o.s.b.a.b.JobLauncherApplicationRunner-Running default command line with: []
2024-07-23 15:44 o.a.c.c.C.[Tomcat].[localhost].[/]-Initializing Spring DispatcherServlet 'dispatcherServlet'
2024-07-23 15:44 o.s.web.servlet.DispatcherServlet-Initializing Servlet 'dispatcherServlet'
2024-07-23 15:44 o.s.web.servlet.DispatcherServlet-Completed initialization in 0 ms
2024-07-23 15:44 c.beyond.board.common.AopLogService-aop start
2024-07-23 15:44 c.beyond.board.common.AopLogService-method명은 : authorList
2024-07-23 15:44 c.beyond.board.common.AopLogService-HTTP 메서드 GET
2024-07-23 15:44 c.beyond.board.common.AopLogService-user inputs:org.apache.catalina.util.ParameterMap@67a93be9
2024-07-23 15:44 c.beyond.board.common.AopLogService-user inputssss: {}
2024-07-23 15:44 c.beyond.board.common.AopLogService-aop end
2024-07-23 15:44 c.beyond.board.common.AopLogService-aop start
2024-07-23 15:44 c.beyond.board.common.AopLogService-method명은 : postList
2024-07-23 15:44 c.beyond.board.common.AopLogService-HTTP 메서드 GET
2024-07-23 15:44 c.beyond.board.common.AopLogService-user inputs:org.apache.catalina.util.ParameterMap@67a93be9
2024-07-23 15:44 c.beyond.board.common.AopLogService-user inputssss: {}
2024-07-23 15:44 c.beyond.board.common.AopLogService-aop end
2024-07-23 15:44 c.beyond.board.common.AopLogService-aop start
2024-07-23 15:44 c.beyond.board.common.AopLogService-method명은 : detailPost
2024-07-23 15:44 c.beyond.board.common.AopLogService-HTTP 메서드 GET
2024-07-23 15:44 c.beyond.board.common.AopLogService-user inputs:org.apache.catalina.util.ParameterMap@67a93be9
2024-07-23 15:44 c.beyond.board.common.AopLogService-user inputssss: {}
2024-07-23 15:44 c.beyond.board.common.AopLogService-aop end
2024-07-23 15:45 c.beyond.board.common.AopLogService-aop start
2024-07-23 15:45 c.beyond.board.common.AopLogService-method명은 : createAuthor
2024-07-23 15:45 c.beyond.board.common.AopLogService-HTTP 메서드 GET
2024-07-23 15:45 c.beyond.board.common.AopLogService-user inputs:org.apache.catalina.util.ParameterMap@67a93be9
2024-07-23 15:45 c.beyond.board.common.AopLogService-user inputssss: {}
2024-07-23 15:45 c.b.b.a.controller.AuthorController-화면 열어보기
2024-07-23 15:45 c.beyond.board.common.AopLogService-aop end
2024-07-23 15:45 c.beyond.board.common.AopLogService-aop start
2024-07-23 15:45 c.beyond.board.common.AopLogService-method명은 : createAuthor
2024-07-23 15:45 c.beyond.board.common.AopLogService-HTTP 메서드 GET
2024-07-23 15:45 c.beyond.board.common.AopLogService-user inputs:org.apache.catalina.util.ParameterMap@67a93be9
2024-07-23 15:45 c.beyond.board.common.AopLogService-user inputssss: {}
2024-07-23 15:45 c.b.b.a.controller.AuthorController-화면 열어보기
2024-07-23 15:45 c.beyond.board.common.AopLogService-aop end
2024-07-23 15:45 c.beyond.board.common.AopLogService-aop start
2024-07-23 15:45 c.beyond.board.common.AopLogService-method명은 : createAuthor
2024-07-23 15:45 c.beyond.board.common.AopLogService-HTTP 메서드 POST
2024-07-23 15:45 c.beyond.board.common.AopLogService-user inputs:org.apache.catalina.util.ParameterMap@67a93be9
2024-07-23 15:45 c.beyond.board.common.AopLogService-user inputssss: {"name":["고먐미"],"email":["sss@test.com"],"password":["14ergdfhfsdg"],"role":["USER"]}
2024-07-23 15:45 c.b.b.a.controller.AuthorController-등록해보까
2024-07-23 15:45 c.beyond.board.common.AopLogService-aop end
2024-07-23 15:45 c.beyond.board.common.AopLogService-aop start
2024-07-23 15:45 c.beyond.board.common.AopLogService-method명은 : authorList
2024-07-23 15:45 c.beyond.board.common.AopLogService-HTTP 메서드 GET
2024-07-23 15:45 c.beyond.board.common.AopLogService-user inputs:org.apache.catalina.util.ParameterMap@67a93be9
2024-07-23 15:45 c.beyond.board.common.AopLogService-user inputssss: {}
2024-07-23 15:45 c.beyond.board.common.AopLogService-aop end
2024-07-23 15:46 o.s.o.j.LocalContainerEntityManagerFactoryBean-Closing JPA EntityManagerFactory for persistence unit 'default'
2024-07-23 15:46 com.zaxxer.hikari.HikariDataSource-HikariPool-1 - Shutdown initiated...
2024-07-23 15:46 com.zaxxer.hikari.HikariDataSource-HikariPool-1 - Shutdown completed.
2024-07-23 17:04 com.beyond.board.BoardApplication-Starting BoardApplication using Java 11.0.22 on DESKTOP-2NA2JSQ with PID 11916 (C:\Users\Playtdata\Desktop\Yeji\spring\board\out\production\classes started by Playtdata in C:\Users\Playtdata\Desktop\Yeji\spring\board)
2024-07-23 17:04 com.beyond.board.BoardApplication-The following 1 profile is active: "dev"
2024-07-23 17:04 o.s.d.r.c.RepositoryConfigurationDelegate-Bootstrapping Spring Data JPA repositories in DEFAULT mode.
2024-07-23 17:04 o.s.d.r.c.RepositoryConfigurationDelegate-Finished Spring Data repository scanning in 66 ms. Found 2 JPA repository interfaces.
2024-07-23 17:04 o.s.b.w.e.tomcat.TomcatWebServer-Tomcat initialized with port(s): 8080 (http)
2024-07-23 17:04 o.a.coyote.http11.Http11NioProtocol-Initializing ProtocolHandler ["http-nio-8080"]
2024-07-23 17:04 o.a.catalina.core.StandardService-Starting service [Tomcat]
2024-07-23 17:04 o.a.catalina.core.StandardEngine-Starting Servlet engine: [Apache Tomcat/9.0.74]
2024-07-23 17:04 o.a.c.c.C.[Tomcat].[localhost].[/]-Initializing Spring embedded WebApplicationContext
2024-07-23 17:04 o.s.b.w.s.c.ServletWebServerApplicationContext-Root WebApplicationContext: initialization completed in 1726 ms
2024-07-23 17:04 com.zaxxer.hikari.HikariDataSource-HikariPool-1 - Starting...
2024-07-23 17:04 com.zaxxer.hikari.HikariDataSource-HikariPool-1 - Start completed.
2024-07-23 17:04 o.h.jpa.internal.util.LogHelper-HHH000204: Processing PersistenceUnitInfo [name: default]
2024-07-23 17:04 org.hibernate.Version-HHH000412: Hibernate ORM core version 5.6.15.Final
2024-07-23 17:04 o.h.annotations.common.Version-HCANN000001: Hibernate Commons Annotations {5.1.2.Final}
2024-07-23 17:04 org.hibernate.dialect.Dialect-HHH000400: Using dialect: org.hibernate.dialect.MariaDBDialect
2024-07-23 17:04 o.h.e.t.j.p.i.JtaPlatformInitiator-HHH000490: Using JtaPlatform implementation: [org.hibernate.engine.transaction.jta.platform.internal.NoJtaPlatform]
2024-07-23 17:04 o.s.o.j.LocalContainerEntityManagerFactoryBean-Initialized JPA EntityManagerFactory for persistence unit 'default'
2024-07-23 17:04 o.s.b.a.o.j.JpaBaseConfiguration$JpaWebConfiguration-spring.jpa.open-in-view is enabled by default. Therefore, database queries may be performed during view rendering. Explicitly configure spring.jpa.open-in-view to disable this warning
2024-07-23 17:04 o.s.b.a.batch.JpaBatchConfigurer-JPA does not support custom isolation levels, so locks may not be taken when launching Jobs. To silence this warning, set 'spring.batch.jdbc.isolation-level-for-create' to 'default'.
2024-07-23 17:04 o.s.b.c.r.s.JobRepositoryFactoryBean-No database type set, using meta data indicating: MYSQL
2024-07-23 17:04 o.s.b.c.l.support.SimpleJobLauncher-No TaskExecutor has been set, defaulting to synchronous executor.
2024-07-23 17:04 o.a.coyote.http11.Http11NioProtocol-Starting ProtocolHandler ["http-nio-8080"]
2024-07-23 17:04 o.s.b.w.e.tomcat.TomcatWebServer-Tomcat started on port(s): 8080 (http) with context path ''
2024-07-23 17:04 com.beyond.board.BoardApplication-Started BoardApplication in 5.198 seconds (JVM running for 5.66)
2024-07-23 17:04 o.s.b.a.b.JobLauncherApplicationRunner-Running default command line with: []
2024-07-23 17:04 o.a.c.c.C.[Tomcat].[localhost].[/]-Initializing Spring DispatcherServlet 'dispatcherServlet'
2024-07-23 17:04 o.s.web.servlet.DispatcherServlet-Initializing Servlet 'dispatcherServlet'
2024-07-23 17:04 o.s.web.servlet.DispatcherServlet-Completed initialization in 1 ms
2024-07-23 17:05 o.s.o.j.LocalContainerEntityManagerFactoryBean-Closing JPA EntityManagerFactory for persistence unit 'default'
2024-07-23 17:05 com.zaxxer.hikari.HikariDataSource-HikariPool-1 - Shutdown initiated...
2024-07-23 17:05 com.zaxxer.hikari.HikariDataSource-HikariPool-1 - Shutdown completed.
2024-07-23 17:05 com.beyond.board.BoardApplication-Starting BoardApplication using Java 11.0.22 on DESKTOP-2NA2JSQ with PID 17864 (C:\Users\Playtdata\Desktop\Yeji\spring\board\out\production\classes started by Playtdata in C:\Users\Playtdata\Desktop\Yeji\spring\board)
2024-07-23 17:05 com.beyond.board.BoardApplication-The following 1 profile is active: "dev"
2024-07-23 17:05 o.s.d.r.c.RepositoryConfigurationDelegate-Bootstrapping Spring Data JPA repositories in DEFAULT mode.
2024-07-23 17:05 o.s.d.r.c.RepositoryConfigurationDelegate-Finished Spring Data repository scanning in 49 ms. Found 2 JPA repository interfaces.
2024-07-23 17:05 o.s.b.w.e.tomcat.TomcatWebServer-Tomcat initialized with port(s): 8080 (http)
2024-07-23 17:05 o.a.coyote.http11.Http11NioProtocol-Initializing ProtocolHandler ["http-nio-8080"]
2024-07-23 17:05 o.a.catalina.core.StandardService-Starting service [Tomcat]
2024-07-23 17:05 o.a.catalina.core.StandardEngine-Starting Servlet engine: [Apache Tomcat/9.0.74]
2024-07-23 17:05 o.a.c.c.C.[Tomcat].[localhost].[/]-Initializing Spring embedded WebApplicationContext
2024-07-23 17:05 o.s.b.w.s.c.ServletWebServerApplicationContext-Root WebApplicationContext: initialization completed in 1751 ms
2024-07-23 17:05 com.zaxxer.hikari.HikariDataSource-HikariPool-1 - Starting...
2024-07-23 17:05 com.zaxxer.hikari.HikariDataSource-HikariPool-1 - Start completed.
2024-07-23 17:05 o.h.jpa.internal.util.LogHelper-HHH000204: Processing PersistenceUnitInfo [name: default]
2024-07-23 17:05 org.hibernate.Version-HHH000412: Hibernate ORM core version 5.6.15.Final
2024-07-23 17:05 o.h.annotations.common.Version-HCANN000001: Hibernate Commons Annotations {5.1.2.Final}
2024-07-23 17:05 org.hibernate.dialect.Dialect-HHH000400: Using dialect: org.hibernate.dialect.MariaDBDialect
2024-07-23 17:05 o.h.e.t.j.p.i.JtaPlatformInitiator-HHH000490: Using JtaPlatform implementation: [org.hibernate.engine.transaction.jta.platform.internal.NoJtaPlatform]
2024-07-23 17:05 o.s.o.j.LocalContainerEntityManagerFactoryBean-Initialized JPA EntityManagerFactory for persistence unit 'default'
2024-07-23 17:05 o.s.b.a.o.j.JpaBaseConfiguration$JpaWebConfiguration-spring.jpa.open-in-view is enabled by default. Therefore, database queries may be performed during view rendering. Explicitly configure spring.jpa.open-in-view to disable this warning
2024-07-23 17:05 o.s.b.a.batch.JpaBatchConfigurer-JPA does not support custom isolation levels, so locks may not be taken when launching Jobs. To silence this warning, set 'spring.batch.jdbc.isolation-level-for-create' to 'default'.
2024-07-23 17:05 o.s.b.c.r.s.JobRepositoryFactoryBean-No database type set, using meta data indicating: MYSQL
2024-07-23 17:05 o.s.b.c.l.support.SimpleJobLauncher-No TaskExecutor has been set, defaulting to synchronous executor.
2024-07-23 17:05 o.a.coyote.http11.Http11NioProtocol-Starting ProtocolHandler ["http-nio-8080"]
2024-07-23 17:05 o.s.b.w.e.tomcat.TomcatWebServer-Tomcat started on port(s): 8080 (http) with context path ''
2024-07-23 17:05 com.beyond.board.BoardApplication-Started BoardApplication in 4.781 seconds (JVM running for 5.301)
2024-07-23 17:05 o.s.b.a.b.JobLauncherApplicationRunner-Running default command line with: []
2024-07-23 17:05 o.a.c.c.C.[Tomcat].[localhost].[/]-Initializing Spring DispatcherServlet 'dispatcherServlet'
2024-07-23 17:05 o.s.web.servlet.DispatcherServlet-Initializing Servlet 'dispatcherServlet'
2024-07-23 17:05 o.s.web.servlet.DispatcherServlet-Completed initialization in 1 ms
2024-07-23 17:16 o.s.o.j.LocalContainerEntityManagerFactoryBean-Closing JPA EntityManagerFactory for persistence unit 'default'
2024-07-23 17:16 com.zaxxer.hikari.HikariDataSource-HikariPool-1 - Shutdown initiated...
2024-07-23 17:16 com.zaxxer.hikari.HikariDataSource-HikariPool-1 - Shutdown completed.
2024-07-23 17:16 com.beyond.board.BoardApplication-Starting BoardApplication using Java 11.0.22 on DESKTOP-2NA2JSQ with PID 8664 (C:\Users\Playtdata\Desktop\Yeji\spring\board\out\production\classes started by Playtdata in C:\Users\Playtdata\Desktop\Yeji\spring\board)
2024-07-23 17:16 com.beyond.board.BoardApplication-The following 1 profile is active: "dev"
2024-07-23 17:16 o.s.d.r.c.RepositoryConfigurationDelegate-Bootstrapping Spring Data JPA repositories in DEFAULT mode.
2024-07-23 17:16 o.s.d.r.c.RepositoryConfigurationDelegate-Finished Spring Data repository scanning in 74 ms. Found 2 JPA repository interfaces.
2024-07-23 17:16 o.s.b.w.e.tomcat.TomcatWebServer-Tomcat initialized with port(s): 8080 (http)
2024-07-23 17:16 o.a.coyote.http11.Http11NioProtocol-Initializing ProtocolHandler ["http-nio-8080"]
2024-07-23 17:16 o.a.catalina.core.StandardService-Starting service [Tomcat]
2024-07-23 17:16 o.a.catalina.core.StandardEngine-Starting Servlet engine: [Apache Tomcat/9.0.74]
2024-07-23 17:16 o.a.c.c.C.[Tomcat].[localhost].[/]-Initializing Spring embedded WebApplicationContext
2024-07-23 17:16 o.s.b.w.s.c.ServletWebServerApplicationContext-Root WebApplicationContext: initialization completed in 1795 ms
2024-07-23 17:16 com.zaxxer.hikari.HikariDataSource-HikariPool-1 - Starting...
2024-07-23 17:16 com.zaxxer.hikari.HikariDataSource-HikariPool-1 - Start completed.
2024-07-23 17:16 o.h.jpa.internal.util.LogHelper-HHH000204: Processing PersistenceUnitInfo [name: default]
2024-07-23 17:16 org.hibernate.Version-HHH000412: Hibernate ORM core version 5.6.15.Final
2024-07-23 17:16 o.h.annotations.common.Version-HCANN000001: Hibernate Commons Annotations {5.1.2.Final}
2024-07-23 17:16 org.hibernate.dialect.Dialect-HHH000400: Using dialect: org.hibernate.dialect.MariaDBDialect
2024-07-23 17:16 o.h.e.t.j.p.i.JtaPlatformInitiator-HHH000490: Using JtaPlatform implementation: [org.hibernate.engine.transaction.jta.platform.internal.NoJtaPlatform]
2024-07-23 17:16 o.s.o.j.LocalContainerEntityManagerFactoryBean-Initialized JPA EntityManagerFactory for persistence unit 'default'
2024-07-23 17:16 o.s.b.a.o.j.JpaBaseConfiguration$JpaWebConfiguration-spring.jpa.open-in-view is enabled by default. Therefore, database queries may be performed during view rendering. Explicitly configure spring.jpa.open-in-view to disable this warning
2024-07-23 17:16 o.s.b.a.batch.JpaBatchConfigurer-JPA does not support custom isolation levels, so locks may not be taken when launching Jobs. To silence this warning, set 'spring.batch.jdbc.isolation-level-for-create' to 'default'.
2024-07-23 17:16 o.s.b.c.r.s.JobRepositoryFactoryBean-No database type set, using meta data indicating: MYSQL
2024-07-23 17:16 o.s.b.c.l.support.SimpleJobLauncher-No TaskExecutor has been set, defaulting to synchronous executor.
2024-07-23 17:16 o.s.b.a.s.s.UserDetailsServiceAutoConfiguration-

Using generated security password: 77d6cded-c8a3-442b-9894-da19628e6ed5

This generated password is for development use only. Your security configuration must be updated before running your application in production.

2024-07-23 17:16 o.s.s.web.DefaultSecurityFilterChain-Will secure any request with [org.springframework.security.web.session.DisableEncodeUrlFilter@7827cdfc, org.springframework.security.web.context.request.async.WebAsyncManagerIntegrationFilter@4a0f4282, org.springframework.security.web.context.SecurityContextPersistenceFilter@147aceec, org.springframework.security.web.header.HeaderWriterFilter@7833407, org.springframework.security.web.csrf.CsrfFilter@6ca97ddf, org.springframework.security.web.authentication.logout.LogoutFilter@73e63b4d, org.springframework.security.web.authentication.UsernamePasswordAuthenticationFilter@22fe90df, org.springframework.security.web.authentication.ui.DefaultLoginPageGeneratingFilter@3c981f76, org.springframework.security.web.authentication.ui.DefaultLogoutPageGeneratingFilter@19d3f4fb, org.springframework.security.web.authentication.www.BasicAuthenticationFilter@7a491a60, org.springframework.security.web.savedrequest.RequestCacheAwareFilter@315365ef, org.springframework.security.web.servletapi.SecurityContextHolderAwareRequestFilter@1f381eaf, org.springframework.security.web.authentication.AnonymousAuthenticationFilter@43cf97a8, org.springframework.security.web.session.SessionManagementFilter@60739eca, org.springframework.security.web.access.ExceptionTranslationFilter@7d0312a, org.springframework.security.web.access.intercept.FilterSecurityInterceptor@6de4071b]
2024-07-23 17:16 o.a.coyote.http11.Http11NioProtocol-Starting ProtocolHandler ["http-nio-8080"]
2024-07-23 17:16 o.s.b.w.e.tomcat.TomcatWebServer-Tomcat started on port(s): 8080 (http) with context path ''
2024-07-23 17:16 com.beyond.board.BoardApplication-Started BoardApplication in 5.072 seconds (JVM running for 5.544)
2024-07-23 17:16 o.s.b.a.b.JobLauncherApplicationRunner-Running default command line with: []
2024-07-23 17:16 o.a.c.c.C.[Tomcat].[localhost].[/]-Initializing Spring DispatcherServlet 'dispatcherServlet'
2024-07-23 17:16 o.s.web.servlet.DispatcherServlet-Initializing Servlet 'dispatcherServlet'
2024-07-23 17:16 o.s.web.servlet.DispatcherServlet-Completed initialization in 2 ms
2024-07-23 17:16 o.a.c.util.SessionIdGeneratorBase-Creation of SecureRandom instance for session ID generation using [SHA1PRNG] took [273] milliseconds.
2024-07-23 17:33 o.s.o.j.LocalContainerEntityManagerFactoryBean-Closing JPA EntityManagerFactory for persistence unit 'default'
2024-07-23 17:33 com.zaxxer.hikari.HikariDataSource-HikariPool-1 - Shutdown initiated...
2024-07-23 17:33 com.zaxxer.hikari.HikariDataSource-HikariPool-1 - Shutdown completed.
2024-07-23 17:33 com.beyond.board.BoardApplication-Starting BoardApplication using Java 11.0.22 on DESKTOP-2NA2JSQ with PID 9300 (C:\Users\Playtdata\Desktop\Yeji\spring\board\out\production\classes started by Playtdata in C:\Users\Playtdata\Desktop\Yeji\spring\board)
2024-07-23 17:33 com.beyond.board.BoardApplication-The following 1 profile is active: "dev"
2024-07-23 17:33 o.s.d.r.c.RepositoryConfigurationDelegate-Bootstrapping Spring Data JPA repositories in DEFAULT mode.
2024-07-23 17:33 o.s.d.r.c.RepositoryConfigurationDelegate-Finished Spring Data repository scanning in 53 ms. Found 2 JPA repository interfaces.
2024-07-23 17:33 o.s.b.w.e.tomcat.TomcatWebServer-Tomcat initialized with port(s): 8080 (http)
2024-07-23 17:33 o.a.coyote.http11.Http11NioProtocol-Initializing ProtocolHandler ["http-nio-8080"]
2024-07-23 17:33 o.a.catalina.core.StandardService-Starting service [Tomcat]
2024-07-23 17:33 o.a.catalina.core.StandardEngine-Starting Servlet engine: [Apache Tomcat/9.0.74]
2024-07-23 17:33 o.a.c.c.C.[Tomcat].[localhost].[/]-Initializing Spring embedded WebApplicationContext
2024-07-23 17:33 o.s.b.w.s.c.ServletWebServerApplicationContext-Root WebApplicationContext: initialization completed in 1852 ms
2024-07-23 17:33 com.zaxxer.hikari.HikariDataSource-HikariPool-1 - Starting...
2024-07-23 17:33 com.zaxxer.hikari.HikariDataSource-HikariPool-1 - Start completed.
2024-07-23 17:33 o.h.jpa.internal.util.LogHelper-HHH000204: Processing PersistenceUnitInfo [name: default]
2024-07-23 17:33 org.hibernate.Version-HHH000412: Hibernate ORM core version 5.6.15.Final
2024-07-23 17:33 o.h.annotations.common.Version-HCANN000001: Hibernate Commons Annotations {5.1.2.Final}
2024-07-23 17:33 org.hibernate.dialect.Dialect-HHH000400: Using dialect: org.hibernate.dialect.MariaDBDialect
2024-07-23 17:33 o.h.e.t.j.p.i.JtaPlatformInitiator-HHH000490: Using JtaPlatform implementation: [org.hibernate.engine.transaction.jta.platform.internal.NoJtaPlatform]
2024-07-23 17:33 o.s.o.j.LocalContainerEntityManagerFactoryBean-Initialized JPA EntityManagerFactory for persistence unit 'default'
2024-07-23 17:33 o.s.b.a.s.s.UserDetailsServiceAutoConfiguration-

Using generated security password: 9117234d-e02a-4678-b90e-b1dba83b51cf

This generated password is for development use only. Your security configuration must be updated before running your application in production.

2024-07-23 17:33 o.s.s.web.DefaultSecurityFilterChain-Will secure any request with [org.springframework.security.web.session.DisableEncodeUrlFilter@14ee143a, org.springframework.security.web.context.request.async.WebAsyncManagerIntegrationFilter@78324e97, org.springframework.security.web.context.SecurityContextPersistenceFilter@27691ee8, org.springframework.security.web.header.HeaderWriterFilter@5ca3acad, org.springframework.security.web.authentication.logout.LogoutFilter@34c07ecc, org.springframework.security.web.savedrequest.RequestCacheAwareFilter@77648321, org.springframework.security.web.servletapi.SecurityContextHolderAwareRequestFilter@1ddc889b, org.springframework.security.web.authentication.AnonymousAuthenticationFilter@73417494, org.springframework.security.web.session.SessionManagementFilter@31cddb11, org.springframework.security.web.access.ExceptionTranslationFilter@4b552b13]
2024-07-23 17:33 o.s.b.a.o.j.JpaBaseConfiguration$JpaWebConfiguration-spring.jpa.open-in-view is enabled by default. Therefore, database queries may be performed during view rendering. Explicitly configure spring.jpa.open-in-view to disable this warning
2024-07-23 17:33 o.s.b.a.batch.JpaBatchConfigurer-JPA does not support custom isolation levels, so locks may not be taken when launching Jobs. To silence this warning, set 'spring.batch.jdbc.isolation-level-for-create' to 'default'.
2024-07-23 17:33 o.s.b.c.r.s.JobRepositoryFactoryBean-No database type set, using meta data indicating: MYSQL
2024-07-23 17:33 o.s.b.c.l.support.SimpleJobLauncher-No TaskExecutor has been set, defaulting to synchronous executor.
2024-07-23 17:33 o.a.coyote.http11.Http11NioProtocol-Starting ProtocolHandler ["http-nio-8080"]
2024-07-23 17:33 o.s.b.w.e.tomcat.TomcatWebServer-Tomcat started on port(s): 8080 (http) with context path ''
2024-07-23 17:33 com.beyond.board.BoardApplication-Started BoardApplication in 5.215 seconds (JVM running for 5.673)
2024-07-23 17:33 o.s.b.a.b.JobLauncherApplicationRunner-Running default command line with: []
2024-07-23 17:34 o.a.c.c.C.[Tomcat].[localhost].[/]-Initializing Spring DispatcherServlet 'dispatcherServlet'
2024-07-23 17:34 o.s.web.servlet.DispatcherServlet-Initializing Servlet 'dispatcherServlet'
2024-07-23 17:34 o.s.web.servlet.DispatcherServlet-Completed initialization in 1 ms
2024-07-23 17:35 o.s.o.j.LocalContainerEntityManagerFactoryBean-Closing JPA EntityManagerFactory for persistence unit 'default'
2024-07-23 17:35 com.zaxxer.hikari.HikariDataSource-HikariPool-1 - Shutdown initiated...
2024-07-23 17:35 com.zaxxer.hikari.HikariDataSource-HikariPool-1 - Shutdown completed.
2024-07-23 17:35 com.beyond.board.BoardApplication-Starting BoardApplication using Java 11.0.22 on DESKTOP-2NA2JSQ with PID 16872 (C:\Users\Playtdata\Desktop\Yeji\spring\board\out\production\classes started by Playtdata in C:\Users\Playtdata\Desktop\Yeji\spring\board)
2024-07-23 17:35 com.beyond.board.BoardApplication-The following 1 profile is active: "dev"
2024-07-23 17:35 o.s.d.r.c.RepositoryConfigurationDelegate-Bootstrapping Spring Data JPA repositories in DEFAULT mode.
2024-07-23 17:35 o.s.d.r.c.RepositoryConfigurationDelegate-Finished Spring Data repository scanning in 57 ms. Found 2 JPA repository interfaces.
2024-07-23 17:35 o.s.b.w.e.tomcat.TomcatWebServer-Tomcat initialized with port(s): 8080 (http)
2024-07-23 17:35 o.a.coyote.http11.Http11NioProtocol-Initializing ProtocolHandler ["http-nio-8080"]
2024-07-23 17:35 o.a.catalina.core.StandardService-Starting service [Tomcat]
2024-07-23 17:35 o.a.catalina.core.StandardEngine-Starting Servlet engine: [Apache Tomcat/9.0.74]
2024-07-23 17:35 o.a.c.c.C.[Tomcat].[localhost].[/]-Initializing Spring embedded WebApplicationContext
2024-07-23 17:35 o.s.b.w.s.c.ServletWebServerApplicationContext-Root WebApplicationContext: initialization completed in 1777 ms
2024-07-23 17:35 com.zaxxer.hikari.HikariDataSource-HikariPool-1 - Starting...
2024-07-23 17:35 com.zaxxer.hikari.HikariDataSource-HikariPool-1 - Start completed.
2024-07-23 17:35 o.h.jpa.internal.util.LogHelper-HHH000204: Processing PersistenceUnitInfo [name: default]
2024-07-23 17:35 org.hibernate.Version-HHH000412: Hibernate ORM core version 5.6.15.Final
2024-07-23 17:35 o.h.annotations.common.Version-HCANN000001: Hibernate Commons Annotations {5.1.2.Final}
2024-07-23 17:35 org.hibernate.dialect.Dialect-HHH000400: Using dialect: org.hibernate.dialect.MariaDBDialect
2024-07-23 17:35 o.h.e.t.j.p.i.JtaPlatformInitiator-HHH000490: Using JtaPlatform implementation: [org.hibernate.engine.transaction.jta.platform.internal.NoJtaPlatform]
2024-07-23 17:35 o.s.o.j.LocalContainerEntityManagerFactoryBean-Initialized JPA EntityManagerFactory for persistence unit 'default'
2024-07-23 17:35 o.s.b.a.o.j.JpaBaseConfiguration$JpaWebConfiguration-spring.jpa.open-in-view is enabled by default. Therefore, database queries may be performed during view rendering. Explicitly configure spring.jpa.open-in-view to disable this warning
2024-07-23 17:35 o.s.b.a.batch.JpaBatchConfigurer-JPA does not support custom isolation levels, so locks may not be taken when launching Jobs. To silence this warning, set 'spring.batch.jdbc.isolation-level-for-create' to 'default'.
2024-07-23 17:35 o.s.b.c.r.s.JobRepositoryFactoryBean-No database type set, using meta data indicating: MYSQL
2024-07-23 17:35 o.s.b.c.l.support.SimpleJobLauncher-No TaskExecutor has been set, defaulting to synchronous executor.
2024-07-23 17:35 o.s.b.a.s.s.UserDetailsServiceAutoConfiguration-

Using generated security password: 6700c4de-39fb-46c2-bdf9-863fddd183e1

This generated password is for development use only. Your security configuration must be updated before running your application in production.

2024-07-23 17:35 o.s.s.web.DefaultSecurityFilterChain-Will secure any request with [org.springframework.security.web.session.DisableEncodeUrlFilter@7827cdfc, org.springframework.security.web.context.request.async.WebAsyncManagerIntegrationFilter@4a0f4282, org.springframework.security.web.context.SecurityContextPersistenceFilter@315365ef, org.springframework.security.web.header.HeaderWriterFilter@60739eca, org.springframework.security.web.csrf.CsrfFilter@5570ee6d, org.springframework.security.web.authentication.logout.LogoutFilter@3c717ef2, org.springframework.security.web.authentication.UsernamePasswordAuthenticationFilter@22fe90df, org.springframework.security.web.authentication.ui.DefaultLoginPageGeneratingFilter@2571bdf4, org.springframework.security.web.authentication.ui.DefaultLogoutPageGeneratingFilter@19d3f4fb, org.springframework.security.web.authentication.www.BasicAuthenticationFilter@7a491a60, org.springframework.security.web.savedrequest.RequestCacheAwareFilter@5df7ae0a, org.springframework.security.web.servletapi.SecurityContextHolderAwareRequestFilter@293ba26c, org.springframework.security.web.authentication.AnonymousAuthenticationFilter@43cf97a8, org.springframework.security.web.session.SessionManagementFilter@17873842, org.springframework.security.web.access.ExceptionTranslationFilter@7833407, org.springframework.security.web.access.intercept.FilterSecurityInterceptor@6de4071b]
2024-07-23 17:35 o.a.coyote.http11.Http11NioProtocol-Starting ProtocolHandler ["http-nio-8080"]
2024-07-23 17:35 o.s.b.w.e.tomcat.TomcatWebServer-Tomcat started on port(s): 8080 (http) with context path ''
2024-07-23 17:35 com.beyond.board.BoardApplication-Started BoardApplication in 4.901 seconds (JVM running for 5.35)
2024-07-23 17:35 o.s.b.a.b.JobLauncherApplicationRunner-Running default command line with: []
2024-07-23 17:35 o.a.c.c.C.[Tomcat].[localhost].[/]-Initializing Spring DispatcherServlet 'dispatcherServlet'
2024-07-23 17:35 o.s.web.servlet.DispatcherServlet-Initializing Servlet 'dispatcherServlet'
2024-07-23 17:35 o.s.web.servlet.DispatcherServlet-Completed initialization in 2 ms
2024-07-23 17:35 o.a.c.util.SessionIdGeneratorBase-Creation of SecureRandom instance for session ID generation using [SHA1PRNG] took [215] milliseconds.
2024-07-23 17:35 o.s.o.j.LocalContainerEntityManagerFactoryBean-Closing JPA EntityManagerFactory for persistence unit 'default'
2024-07-23 17:35 com.zaxxer.hikari.HikariDataSource-HikariPool-1 - Shutdown initiated...
2024-07-23 17:35 com.zaxxer.hikari.HikariDataSource-HikariPool-1 - Shutdown completed.
